2018-02-27 08:38:49,156 [Worker-25] INFO  o.e.m.c.i.p.ProjectConfigurationManager - Update started
2018-02-27 08:39:01,956 [Worker-19] INFO  o.e.m.c.i.l.LifecycleMappingFactory - Using org.eclipse.m2e.jdt.JarLifecycleMapping lifecycle mapping for MavenProject: org.apache.jena:jena-examples:0.0.1-SNAPSHOT @ D:\中央資管研究所\研究室\論文\系統\apache-jena-3.6.0\src-examples\jena-examples\pom.xml.
2018-02-27 08:39:03,536 [Worker-19] INFO  o.e.m.c.i.e.AbstractTransferListenerAdapter - Downloading https://repo.maven.apache.org/maven2/org/apache/jena/apache-jena-libs/maven-metadata.xml
2018-02-27 08:39:03,751 [Worker-19] INFO  o.e.m.c.i.e.AbstractTransferListenerAdapter - Downloaded https://repo.maven.apache.org/maven2/org/apache/jena/apache-jena-libs/maven-metadata.xml
2018-02-27 08:39:03,935 [Worker-19] INFO  o.e.m.c.i.e.AbstractTransferListenerAdapter - Downloading https://repo.maven.apache.org/maven2/org/apache/jena/apache-jena-libs/3.1.0/apache-jena-libs-3.1.0.pom
2018-02-27 08:39:04,243 [Worker-19] INFO  o.e.m.c.i.e.AbstractTransferListenerAdapter - Downloaded https://repo.maven.apache.org/maven2/org/apache/jena/apache-jena-libs/3.1.0/apache-jena-libs-3.1.0.pom
2018-02-27 08:39:04,534 [Worker-19] INFO  o.e.m.c.i.e.AbstractTransferListenerAdapter - Downloading https://repo.maven.apache.org/maven2/org/apache/jena/jena-parent/16/jena-parent-16.pom
2018-02-27 08:39:05,029 [Worker-19] INFO  o.e.m.c.i.e.AbstractTransferListenerAdapter - Downloaded https://repo.maven.apache.org/maven2/org/apache/jena/jena-parent/16/jena-parent-16.pom
2018-02-27 08:39:05,378 [Worker-19] INFO  o.e.m.c.i.e.AbstractTransferListenerAdapter - Downloading https://repo.maven.apache.org/maven2/org/apache/apache/16/apache-16.pom
2018-02-27 08:39:05,665 [Worker-19] INFO  o.e.m.c.i.e.AbstractTransferListenerAdapter - Downloaded https://repo.maven.apache.org/maven2/org/apache/apache/16/apache-16.pom
2018-02-27 08:39:05,853 [Worker-19] INFO  o.e.m.c.i.e.AbstractTransferListenerAdapter - Downloading https://repo.maven.apache.org/maven2/org/apache/jena/jena-tdb/3.1.0/jena-tdb-3.1.0.pom
2018-02-27 08:39:06,477 [Worker-19] INFO  o.e.m.c.i.e.AbstractTransferListenerAdapter - Downloaded https://repo.maven.apache.org/maven2/org/apache/jena/jena-tdb/3.1.0/jena-tdb-3.1.0.pom
2018-02-27 08:39:06,664 [Worker-19] INFO  o.e.m.c.i.e.AbstractTransferListenerAdapter - Downloading https://repo.maven.apache.org/maven2/org/apache/jena/jena-arq/3.1.0/jena-arq-3.1.0.pom
2018-02-27 08:39:06,850 [Worker-19] INFO  o.e.m.c.i.e.AbstractTransferListenerAdapter - Downloaded https://repo.maven.apache.org/maven2/org/apache/jena/jena-arq/3.1.0/jena-arq-3.1.0.pom
2018-02-27 08:39:07,034 [Worker-19] INFO  o.e.m.c.i.e.AbstractTransferListenerAdapter - Downloading https://repo.maven.apache.org/maven2/org/apache/jena/jena-core/3.1.0/jena-core-3.1.0.pom
2018-02-27 08:39:07,603 [Worker-19] INFO  o.e.m.c.i.e.AbstractTransferListenerAdapter - Downloaded https://repo.maven.apache.org/maven2/org/apache/jena/jena-core/3.1.0/jena-core-3.1.0.pom
2018-02-27 08:39:07,787 [Worker-19] INFO  o.e.m.c.i.e.AbstractTransferListenerAdapter - Downloading https://repo.maven.apache.org/maven2/org/slf4j/slf4j-api/1.7.20/slf4j-api-1.7.20.pom
2018-02-27 08:39:07,973 [Worker-19] INFO  o.e.m.c.i.e.AbstractTransferListenerAdapter - Downloaded https://repo.maven.apache.org/maven2/org/slf4j/slf4j-api/1.7.20/slf4j-api-1.7.20.pom
2018-02-27 08:39:08,171 [Worker-19] INFO  o.e.m.c.i.e.AbstractTransferListenerAdapter - Downloading https://repo.maven.apache.org/maven2/org/slf4j/slf4j-parent/1.7.20/slf4j-parent-1.7.20.pom
2018-02-27 08:39:08,543 [Worker-19] INFO  o.e.m.c.i.e.AbstractTransferListenerAdapter - Downloaded https://repo.maven.apache.org/maven2/org/slf4j/slf4j-parent/1.7.20/slf4j-parent-1.7.20.pom
2018-02-27 08:39:08,795 [Worker-19] INFO  o.e.m.c.i.e.AbstractTransferListenerAdapter - Downloading https://repo.maven.apache.org/maven2/org/apache/jena/jena-iri/3.1.0/jena-iri-3.1.0.pom
2018-02-27 08:39:09,067 [Worker-19] INFO  o.e.m.c.i.e.AbstractTransferListenerAdapter - Downloaded https://repo.maven.apache.org/maven2/org/apache/jena/jena-iri/3.1.0/jena-iri-3.1.0.pom
2018-02-27 08:39:09,294 [Worker-19] INFO  o.e.m.c.i.e.AbstractTransferListenerAdapter - Downloading https://repo.maven.apache.org/maven2/xerces/xercesImpl/2.11.0/xercesImpl-2.11.0.pom
2018-02-27 08:39:09,534 [Worker-19] INFO  o.e.m.c.i.e.AbstractTransferListenerAdapter - Downloaded https://repo.maven.apache.org/maven2/xerces/xercesImpl/2.11.0/xercesImpl-2.11.0.pom
2018-02-27 08:39:09,715 [Worker-19] INFO  o.e.m.c.i.e.AbstractTransferListenerAdapter - Downloading https://repo.maven.apache.org/maven2/xml-apis/xml-apis/1.4.01/xml-apis-1.4.01.pom
2018-02-27 08:39:10,498 [Worker-19] INFO  o.e.m.c.i.e.AbstractTransferListenerAdapter - Downloaded https://repo.maven.apache.org/maven2/xml-apis/xml-apis/1.4.01/xml-apis-1.4.01.pom
2018-02-27 08:39:10,731 [Worker-19] INFO  o.e.m.c.i.e.AbstractTransferListenerAdapter - Downloading https://repo.maven.apache.org/maven2/commons-cli/commons-cli/1.3/commons-cli-1.3.pom
2018-02-27 08:39:10,941 [Worker-19] INFO  o.e.m.c.i.e.AbstractTransferListenerAdapter - Downloaded https://repo.maven.apache.org/maven2/commons-cli/commons-cli/1.3/commons-cli-1.3.pom
2018-02-27 08:39:11,872 [Worker-19] INFO  o.e.m.c.i.e.AbstractTransferListenerAdapter - Downloading https://repo.maven.apache.org/maven2/org/apache/commons/commons-parent/37/commons-parent-37.pom
2018-02-27 08:39:12,326 [Worker-19] INFO  o.e.m.c.i.e.AbstractTransferListenerAdapter - Downloaded https://repo.maven.apache.org/maven2/org/apache/commons/commons-parent/37/commons-parent-37.pom
2018-02-27 08:39:12,524 [Worker-19] INFO  o.e.m.c.i.e.AbstractTransferListenerAdapter - Downloading https://repo.maven.apache.org/maven2/org/apache/jena/jena-base/3.1.0/jena-base-3.1.0.pom
2018-02-27 08:39:12,712 [Worker-19] INFO  o.e.m.c.i.e.AbstractTransferListenerAdapter - Downloaded https://repo.maven.apache.org/maven2/org/apache/jena/jena-base/3.1.0/jena-base-3.1.0.pom
2018-02-27 08:39:13,022 [Worker-19] INFO  o.e.m.c.i.e.AbstractTransferListenerAdapter - Downloading https://repo.maven.apache.org/maven2/org/apache/jena/jena-shaded-guava/3.1.0/jena-shaded-guava-3.1.0.pom
2018-02-27 08:39:13,284 [Worker-19] INFO  o.e.m.c.i.e.AbstractTransferListenerAdapter - Downloaded https://repo.maven.apache.org/maven2/org/apache/jena/jena-shaded-guava/3.1.0/jena-shaded-guava-3.1.0.pom
2018-02-27 08:39:13,521 [Worker-19] INFO  o.e.m.c.i.e.AbstractTransferListenerAdapter - Downloading https://repo.maven.apache.org/maven2/org/apache/commons/commons-csv/1.0/commons-csv-1.0.pom
2018-02-27 08:39:13,794 [Worker-19] INFO  o.e.m.c.i.e.AbstractTransferListenerAdapter - Downloaded https://repo.maven.apache.org/maven2/org/apache/commons/commons-csv/1.0/commons-csv-1.0.pom
2018-02-27 08:39:13,980 [Worker-19] INFO  o.e.m.c.i.e.AbstractTransferListenerAdapter - Downloading https://repo.maven.apache.org/maven2/org/apache/commons/commons-parent/34/commons-parent-34.pom
2018-02-27 08:39:14,348 [Worker-19] INFO  o.e.m.c.i.e.AbstractTransferListenerAdapter - Downloaded https://repo.maven.apache.org/maven2/org/apache/commons/commons-parent/34/commons-parent-34.pom
2018-02-27 08:39:14,568 [Worker-19] INFO  o.e.m.c.i.e.AbstractTransferListenerAdapter - Downloading https://repo.maven.apache.org/maven2/org/apache/commons/commons-lang3/3.3.2/commons-lang3-3.3.2.pom
2018-02-27 08:39:15,918 [Worker-19] INFO  o.e.m.c.i.e.AbstractTransferListenerAdapter - Downloaded https://repo.maven.apache.org/maven2/org/apache/commons/commons-lang3/3.3.2/commons-lang3-3.3.2.pom
2018-02-27 08:39:16,117 [Worker-19] INFO  o.e.m.c.i.e.AbstractTransferListenerAdapter - Downloading https://repo.maven.apache.org/maven2/org/apache/commons/commons-parent/33/commons-parent-33.pom
2018-02-27 08:39:16,364 [Worker-19] INFO  o.e.m.c.i.e.AbstractTransferListenerAdapter - Downloaded https://repo.maven.apache.org/maven2/org/apache/commons/commons-parent/33/commons-parent-33.pom
2018-02-27 08:39:16,570 [Worker-19] INFO  o.e.m.c.i.e.AbstractTransferListenerAdapter - Downloading https://repo.maven.apache.org/maven2/com/github/andrewoma/dexx/collection/0.6/collection-0.6.pom
2018-02-27 08:39:16,775 [Worker-19] INFO  o.e.m.c.i.e.AbstractTransferListenerAdapter - Downloaded https://repo.maven.apache.org/maven2/com/github/andrewoma/dexx/collection/0.6/collection-0.6.pom
2018-02-27 08:39:17,030 [Worker-19] INFO  o.e.m.c.i.e.AbstractTransferListenerAdapter - Downloading https://repo.maven.apache.org/maven2/org/apache/httpcomponents/httpclient/4.2.6/httpclient-4.2.6.pom
2018-02-27 08:39:17,384 [Worker-19] INFO  o.e.m.c.i.e.AbstractTransferListenerAdapter - Downloaded https://repo.maven.apache.org/maven2/org/apache/httpcomponents/httpclient/4.2.6/httpclient-4.2.6.pom
2018-02-27 08:39:17,568 [Worker-19] INFO  o.e.m.c.i.e.AbstractTransferListenerAdapter - Downloading https://repo.maven.apache.org/maven2/org/apache/httpcomponents/httpcomponents-client/4.2.6/httpcomponents-client-4.2.6.pom
2018-02-27 08:39:18,341 [Worker-19] INFO  o.e.m.c.i.e.AbstractTransferListenerAdapter - Downloaded https://repo.maven.apache.org/maven2/org/apache/httpcomponents/httpcomponents-client/4.2.6/httpcomponents-client-4.2.6.pom
2018-02-27 08:39:18,521 [Worker-19] INFO  o.e.m.c.i.e.AbstractTransferListenerAdapter - Downloading https://repo.maven.apache.org/maven2/org/apache/httpcomponents/project/7/project-7.pom
2018-02-27 08:39:18,738 [Worker-19] INFO  o.e.m.c.i.e.AbstractTransferListenerAdapter - Downloaded https://repo.maven.apache.org/maven2/org/apache/httpcomponents/project/7/project-7.pom
2018-02-27 08:39:18,922 [Worker-19] INFO  o.e.m.c.i.e.AbstractTransferListenerAdapter - Downloading https://repo.maven.apache.org/maven2/org/apache/httpcomponents/httpcore/4.2.5/httpcore-4.2.5.pom
2018-02-27 08:39:19,161 [Worker-19] INFO  o.e.m.c.i.e.AbstractTransferListenerAdapter - Downloaded https://repo.maven.apache.org/maven2/org/apache/httpcomponents/httpcore/4.2.5/httpcore-4.2.5.pom
2018-02-27 08:39:19,343 [Worker-19] INFO  o.e.m.c.i.e.AbstractTransferListenerAdapter - Downloading https://repo.maven.apache.org/maven2/org/apache/httpcomponents/httpcomponents-core/4.2.5/httpcomponents-core-4.2.5.pom
2018-02-27 08:39:19,541 [Worker-19] INFO  o.e.m.c.i.e.AbstractTransferListenerAdapter - Downloaded https://repo.maven.apache.org/maven2/org/apache/httpcomponents/httpcomponents-core/4.2.5/httpcomponents-core-4.2.5.pom
2018-02-27 08:39:19,743 [Worker-19] INFO  o.e.m.c.i.e.AbstractTransferListenerAdapter - Downloading https://repo.maven.apache.org/maven2/commons-codec/commons-codec/1.6/commons-codec-1.6.pom
2018-02-27 08:39:20,011 [Worker-19] INFO  o.e.m.c.i.e.AbstractTransferListenerAdapter - Downloaded https://repo.maven.apache.org/maven2/commons-codec/commons-codec/1.6/commons-codec-1.6.pom
2018-02-27 08:39:20,190 [Worker-19] INFO  o.e.m.c.i.e.AbstractTransferListenerAdapter - Downloading https://repo.maven.apache.org/maven2/org/apache/commons/commons-parent/22/commons-parent-22.pom
2018-02-27 08:39:20,444 [Worker-19] INFO  o.e.m.c.i.e.AbstractTransferListenerAdapter - Downloaded https://repo.maven.apache.org/maven2/org/apache/commons/commons-parent/22/commons-parent-22.pom
2018-02-27 08:39:20,626 [Worker-19] INFO  o.e.m.c.i.e.AbstractTransferListenerAdapter - Downloading https://repo.maven.apache.org/maven2/org/apache/apache/9/apache-9.pom
2018-02-27 08:39:21,230 [Worker-19] INFO  o.e.m.c.i.e.AbstractTransferListenerAdapter - Downloaded https://repo.maven.apache.org/maven2/org/apache/apache/9/apache-9.pom
2018-02-27 08:39:21,506 [Worker-19] INFO  o.e.m.c.i.e.AbstractTransferListenerAdapter - Downloading https://repo.maven.apache.org/maven2/com/github/jsonld-java/jsonld-java/0.7.0/jsonld-java-0.7.0.pom
2018-02-27 08:39:21,817 [Worker-19] INFO  o.e.m.c.i.e.AbstractTransferListenerAdapter - Downloaded https://repo.maven.apache.org/maven2/com/github/jsonld-java/jsonld-java/0.7.0/jsonld-java-0.7.0.pom
2018-02-27 08:39:22,006 [Worker-19] INFO  o.e.m.c.i.e.AbstractTransferListenerAdapter - Downloading https://repo.maven.apache.org/maven2/com/github/jsonld-java/jsonld-java-parent/0.7.0/jsonld-java-parent-0.7.0.pom
2018-02-27 08:39:22,186 [Worker-19] INFO  o.e.m.c.i.e.AbstractTransferListenerAdapter - Downloaded https://repo.maven.apache.org/maven2/com/github/jsonld-java/jsonld-java-parent/0.7.0/jsonld-java-parent-0.7.0.pom
2018-02-27 08:39:22,373 [Worker-19] INFO  o.e.m.c.i.e.AbstractTransferListenerAdapter - Downloading https://repo.maven.apache.org/maven2/com/fasterxml/jackson/core/jackson-core/2.3.3/jackson-core-2.3.3.pom
2018-02-27 08:39:22,556 [Worker-19] INFO  o.e.m.c.i.e.AbstractTransferListenerAdapter - Downloaded https://repo.maven.apache.org/maven2/com/fasterxml/jackson/core/jackson-core/2.3.3/jackson-core-2.3.3.pom
2018-02-27 08:39:22,755 [Worker-19] INFO  o.e.m.c.i.e.AbstractTransferListenerAdapter - Downloading https://repo.maven.apache.org/maven2/com/fasterxml/oss-parent/12/oss-parent-12.pom
2018-02-27 08:39:23,025 [Worker-19] INFO  o.e.m.c.i.e.AbstractTransferListenerAdapter - Downloaded https://repo.maven.apache.org/maven2/com/fasterxml/oss-parent/12/oss-parent-12.pom
2018-02-27 08:39:23,210 [Worker-19] INFO  o.e.m.c.i.e.AbstractTransferListenerAdapter - Downloading https://repo.maven.apache.org/maven2/com/fasterxml/jackson/core/jackson-databind/2.3.3/jackson-databind-2.3.3.pom
2018-02-27 08:39:23,398 [Worker-19] INFO  o.e.m.c.i.e.AbstractTransferListenerAdapter - Downloaded https://repo.maven.apache.org/maven2/com/fasterxml/jackson/core/jackson-databind/2.3.3/jackson-databind-2.3.3.pom
2018-02-27 08:39:23,584 [Worker-19] INFO  o.e.m.c.i.e.AbstractTransferListenerAdapter - Downloading https://repo.maven.apache.org/maven2/com/fasterxml/jackson/core/jackson-annotations/2.3.0/jackson-annotations-2.3.0.pom
2018-02-27 08:39:23,758 [Worker-19] INFO  o.e.m.c.i.e.AbstractTransferListenerAdapter - Downloaded https://repo.maven.apache.org/maven2/com/fasterxml/jackson/core/jackson-annotations/2.3.0/jackson-annotations-2.3.0.pom
2018-02-27 08:39:23,939 [Worker-19] INFO  o.e.m.c.i.e.AbstractTransferListenerAdapter - Downloading https://repo.maven.apache.org/maven2/com/fasterxml/oss-parent/11/oss-parent-11.pom
2018-02-27 08:39:24,340 [Worker-19] INFO  o.e.m.c.i.e.AbstractTransferListenerAdapter - Downloaded https://repo.maven.apache.org/maven2/com/fasterxml/oss-parent/11/oss-parent-11.pom
2018-02-27 08:39:24,523 [Worker-19] INFO  o.e.m.c.i.e.AbstractTransferListenerAdapter - Downloading https://repo.maven.apache.org/maven2/org/slf4j/jcl-over-slf4j/1.7.9/jcl-over-slf4j-1.7.9.pom
2018-02-27 08:39:24,710 [Worker-19] INFO  o.e.m.c.i.e.AbstractTransferListenerAdapter - Downloaded https://repo.maven.apache.org/maven2/org/slf4j/jcl-over-slf4j/1.7.9/jcl-over-slf4j-1.7.9.pom
2018-02-27 08:39:24,910 [Worker-19] INFO  o.e.m.c.i.e.AbstractTransferListenerAdapter - Downloading https://repo.maven.apache.org/maven2/org/slf4j/slf4j-parent/1.7.9/slf4j-parent-1.7.9.pom
2018-02-27 08:39:25,127 [Worker-19] INFO  o.e.m.c.i.e.AbstractTransferListenerAdapter - Downloaded https://repo.maven.apache.org/maven2/org/slf4j/slf4j-parent/1.7.9/slf4j-parent-1.7.9.pom
2018-02-27 08:39:25,312 [Worker-19] INFO  o.e.m.c.i.e.AbstractTransferListenerAdapter - Downloading https://repo.maven.apache.org/maven2/commons-io/commons-io/2.4/commons-io-2.4.pom
2018-02-27 08:39:25,509 [Worker-19] INFO  o.e.m.c.i.e.AbstractTransferListenerAdapter - Downloaded https://repo.maven.apache.org/maven2/commons-io/commons-io/2.4/commons-io-2.4.pom
2018-02-27 08:39:25,689 [Worker-19] INFO  o.e.m.c.i.e.AbstractTransferListenerAdapter - Downloading https://repo.maven.apache.org/maven2/org/apache/commons/commons-parent/25/commons-parent-25.pom
2018-02-27 08:39:26,082 [Worker-19] INFO  o.e.m.c.i.e.AbstractTransferListenerAdapter - Downloaded https://repo.maven.apache.org/maven2/org/apache/commons/commons-parent/25/commons-parent-25.pom
2018-02-27 08:39:26,291 [Worker-19] INFO  o.e.m.c.i.e.AbstractTransferListenerAdapter - Downloading https://repo.maven.apache.org/maven2/org/apache/httpcomponents/httpclient-cache/4.2.6/httpclient-cache-4.2.6.pom
2018-02-27 08:39:26,471 [Worker-19] INFO  o.e.m.c.i.e.AbstractTransferListenerAdapter - Downloaded https://repo.maven.apache.org/maven2/org/apache/httpcomponents/httpclient-cache/4.2.6/httpclient-cache-4.2.6.pom
2018-02-27 08:39:26,659 [Worker-19] INFO  o.e.m.c.i.e.AbstractTransferListenerAdapter - Downloading https://repo.maven.apache.org/maven2/org/apache/thrift/libthrift/0.9.2/libthrift-0.9.2.pom
2018-02-27 08:39:26,851 [Worker-19] INFO  o.e.m.c.i.e.AbstractTransferListenerAdapter - Downloaded https://repo.maven.apache.org/maven2/org/apache/thrift/libthrift/0.9.2/libthrift-0.9.2.pom
2018-02-27 08:39:27,046 [Worker-19] INFO  o.e.m.c.i.e.AbstractTransferListenerAdapter - Downloading https://repo.maven.apache.org/maven2/org/slf4j/slf4j-api/1.5.8/slf4j-api-1.5.8.pom
2018-02-27 08:39:27,225 [Worker-19] INFO  o.e.m.c.i.e.AbstractTransferListenerAdapter - Downloaded https://repo.maven.apache.org/maven2/org/slf4j/slf4j-api/1.5.8/slf4j-api-1.5.8.pom
2018-02-27 08:39:27,406 [Worker-19] INFO  o.e.m.c.i.e.AbstractTransferListenerAdapter - Downloading https://repo.maven.apache.org/maven2/org/slf4j/slf4j-parent/1.5.8/slf4j-parent-1.5.8.pom
2018-02-27 08:39:27,678 [Worker-19] INFO  o.e.m.c.i.e.AbstractTransferListenerAdapter - Downloaded https://repo.maven.apache.org/maven2/org/slf4j/slf4j-parent/1.5.8/slf4j-parent-1.5.8.pom
2018-02-27 08:39:27,862 [Worker-19] INFO  o.e.m.c.i.e.AbstractTransferListenerAdapter - Downloading https://repo.maven.apache.org/maven2/org/apache/httpcomponents/httpclient/4.2.5/httpclient-4.2.5.pom
2018-02-27 08:39:28,051 [Worker-19] INFO  o.e.m.c.i.e.AbstractTransferListenerAdapter - Downloaded https://repo.maven.apache.org/maven2/org/apache/httpcomponents/httpclient/4.2.5/httpclient-4.2.5.pom
2018-02-27 08:39:28,241 [Worker-19] INFO  o.e.m.c.i.e.AbstractTransferListenerAdapter - Downloading https://repo.maven.apache.org/maven2/org/apache/httpcomponents/httpcomponents-client/4.2.5/httpcomponents-client-4.2.5.pom
2018-02-27 08:39:28,835 [Worker-19] INFO  o.e.m.c.i.e.AbstractTransferListenerAdapter - Downloaded https://repo.maven.apache.org/maven2/org/apache/httpcomponents/httpcomponents-client/4.2.5/httpcomponents-client-4.2.5.pom
2018-02-27 08:39:29,020 [Worker-19] INFO  o.e.m.c.i.e.AbstractTransferListenerAdapter - Downloading https://repo.maven.apache.org/maven2/org/apache/httpcomponents/project/6/project-6.pom
2018-02-27 08:39:29,272 [Worker-19] INFO  o.e.m.c.i.e.AbstractTransferListenerAdapter - Downloaded https://repo.maven.apache.org/maven2/org/apache/httpcomponents/project/6/project-6.pom
2018-02-27 08:39:29,560 [Worker-19] INFO  o.e.m.c.i.e.AbstractTransferListenerAdapter - Downloading https://repo.maven.apache.org/maven2/org/slf4j/jcl-over-slf4j/1.7.20/jcl-over-slf4j-1.7.20.pom
2018-02-27 08:39:29,805 [Worker-19] INFO  o.e.m.c.i.e.AbstractTransferListenerAdapter - Downloaded https://repo.maven.apache.org/maven2/org/slf4j/jcl-over-slf4j/1.7.20/jcl-over-slf4j-1.7.20.pom
2018-02-27 08:39:30,008 [Worker-19] INFO  o.e.m.c.i.e.AbstractTransferListenerAdapter - Downloading https://repo.maven.apache.org/maven2/org/apache/jena/apache-jena-libs/3.1.1/apache-jena-libs-3.1.1.pom
2018-02-27 08:39:30,189 [Worker-19] INFO  o.e.m.c.i.e.AbstractTransferListenerAdapter - Downloaded https://repo.maven.apache.org/maven2/org/apache/jena/apache-jena-libs/3.1.1/apache-jena-libs-3.1.1.pom
2018-02-27 08:39:30,372 [Worker-19] INFO  o.e.m.c.i.e.AbstractTransferListenerAdapter - Downloading https://repo.maven.apache.org/maven2/org/apache/jena/jena-parent/17/jena-parent-17.pom
2018-02-27 08:39:30,739 [Worker-19] INFO  o.e.m.c.i.e.AbstractTransferListenerAdapter - Downloaded https://repo.maven.apache.org/maven2/org/apache/jena/jena-parent/17/jena-parent-17.pom
2018-02-27 08:39:30,918 [Worker-19] INFO  o.e.m.c.i.e.AbstractTransferListenerAdapter - Downloading https://repo.maven.apache.org/maven2/org/apache/apache/18/apache-18.pom
2018-02-27 08:39:31,698 [Worker-19] INFO  o.e.m.c.i.e.AbstractTransferListenerAdapter - Downloaded https://repo.maven.apache.org/maven2/org/apache/apache/18/apache-18.pom
2018-02-27 08:39:31,923 [Worker-19] INFO  o.e.m.c.i.e.AbstractTransferListenerAdapter - Downloading https://repo.maven.apache.org/maven2/org/apache/jena/jena-tdb/3.1.1/jena-tdb-3.1.1.pom
2018-02-27 08:39:32,214 [Worker-19] INFO  o.e.m.c.i.e.AbstractTransferListenerAdapter - Downloaded https://repo.maven.apache.org/maven2/org/apache/jena/jena-tdb/3.1.1/jena-tdb-3.1.1.pom
2018-02-27 08:39:32,420 [Worker-19] INFO  o.e.m.c.i.e.AbstractTransferListenerAdapter - Downloading https://repo.maven.apache.org/maven2/org/apache/jena/jena-arq/3.1.1/jena-arq-3.1.1.pom
2018-02-27 08:39:32,642 [Worker-19] INFO  o.e.m.c.i.e.AbstractTransferListenerAdapter - Downloaded https://repo.maven.apache.org/maven2/org/apache/jena/jena-arq/3.1.1/jena-arq-3.1.1.pom
2018-02-27 08:39:32,837 [Worker-19] INFO  o.e.m.c.i.e.AbstractTransferListenerAdapter - Downloading https://repo.maven.apache.org/maven2/org/apache/jena/jena-core/3.1.1/jena-core-3.1.1.pom
2018-02-27 08:39:33,103 [Worker-19] INFO  o.e.m.c.i.e.AbstractTransferListenerAdapter - Downloaded https://repo.maven.apache.org/maven2/org/apache/jena/jena-core/3.1.1/jena-core-3.1.1.pom
2018-02-27 08:39:33,289 [Worker-19] INFO  o.e.m.c.i.e.AbstractTransferListenerAdapter - Downloading https://repo.maven.apache.org/maven2/org/slf4j/slf4j-api/1.7.21/slf4j-api-1.7.21.pom
2018-02-27 08:39:33,465 [Worker-19] INFO  o.e.m.c.i.e.AbstractTransferListenerAdapter - Downloaded https://repo.maven.apache.org/maven2/org/slf4j/slf4j-api/1.7.21/slf4j-api-1.7.21.pom
2018-02-27 08:39:33,642 [Worker-19] INFO  o.e.m.c.i.e.AbstractTransferListenerAdapter - Downloading https://repo.maven.apache.org/maven2/org/slf4j/slf4j-parent/1.7.21/slf4j-parent-1.7.21.pom
2018-02-27 08:39:33,972 [Worker-19] INFO  o.e.m.c.i.e.AbstractTransferListenerAdapter - Downloaded https://repo.maven.apache.org/maven2/org/slf4j/slf4j-parent/1.7.21/slf4j-parent-1.7.21.pom
2018-02-27 08:39:34,159 [Worker-19] INFO  o.e.m.c.i.e.AbstractTransferListenerAdapter - Downloading https://repo.maven.apache.org/maven2/org/apache/jena/jena-iri/3.1.1/jena-iri-3.1.1.pom
2018-02-27 08:39:34,353 [Worker-19] INFO  o.e.m.c.i.e.AbstractTransferListenerAdapter - Downloaded https://repo.maven.apache.org/maven2/org/apache/jena/jena-iri/3.1.1/jena-iri-3.1.1.pom
2018-02-27 08:39:34,544 [Worker-19] INFO  o.e.m.c.i.e.AbstractTransferListenerAdapter - Downloading https://repo.maven.apache.org/maven2/org/apache/jena/jena-base/3.1.1/jena-base-3.1.1.pom
2018-02-27 08:39:34,722 [Worker-19] INFO  o.e.m.c.i.e.AbstractTransferListenerAdapter - Downloaded https://repo.maven.apache.org/maven2/org/apache/jena/jena-base/3.1.1/jena-base-3.1.1.pom
2018-02-27 08:39:34,949 [Worker-19] INFO  o.e.m.c.i.e.AbstractTransferListenerAdapter - Downloading https://repo.maven.apache.org/maven2/org/apache/jena/jena-shaded-guava/3.1.1/jena-shaded-guava-3.1.1.pom
2018-02-27 08:39:35,124 [Worker-19] INFO  o.e.m.c.i.e.AbstractTransferListenerAdapter - Downloaded https://repo.maven.apache.org/maven2/org/apache/jena/jena-shaded-guava/3.1.1/jena-shaded-guava-3.1.1.pom
2018-02-27 08:39:35,314 [Worker-19] INFO  o.e.m.c.i.e.AbstractTransferListenerAdapter - Downloading https://repo.maven.apache.org/maven2/org/apache/commons/commons-csv/1.3/commons-csv-1.3.pom
2018-02-27 08:39:35,688 [Worker-19] INFO  o.e.m.c.i.e.AbstractTransferListenerAdapter - Downloaded https://repo.maven.apache.org/maven2/org/apache/commons/commons-csv/1.3/commons-csv-1.3.pom
2018-02-27 08:39:35,961 [Worker-19] INFO  o.e.m.c.i.e.AbstractTransferListenerAdapter - Downloading https://repo.maven.apache.org/maven2/org/apache/commons/commons-parent/40/commons-parent-40.pom
2018-02-27 08:39:37,181 [Worker-19] INFO  o.e.m.c.i.e.AbstractTransferListenerAdapter - Downloaded https://repo.maven.apache.org/maven2/org/apache/commons/commons-parent/40/commons-parent-40.pom
2018-02-27 08:39:37,362 [Worker-19] INFO  o.e.m.c.i.e.AbstractTransferListenerAdapter - Downloading https://repo.maven.apache.org/maven2/org/apache/apache/17/apache-17.pom
2018-02-27 08:39:37,827 [Worker-19] INFO  o.e.m.c.i.e.AbstractTransferListenerAdapter - Downloaded https://repo.maven.apache.org/maven2/org/apache/apache/17/apache-17.pom
2018-02-27 08:39:38,294 [Worker-19] INFO  o.e.m.c.i.e.AbstractTransferListenerAdapter - Downloading https://repo.maven.apache.org/maven2/org/apache/commons/commons-lang3/3.4/commons-lang3-3.4.pom
2018-02-27 08:39:39,469 [Worker-19] INFO  o.e.m.c.i.e.AbstractTransferListenerAdapter - Downloaded https://repo.maven.apache.org/maven2/org/apache/commons/commons-lang3/3.4/commons-lang3-3.4.pom
2018-02-27 08:39:39,754 [Worker-19] INFO  o.e.m.c.i.e.AbstractTransferListenerAdapter - Downloading https://repo.maven.apache.org/maven2/org/apache/httpcomponents/httpclient/4.5.2/httpclient-4.5.2.pom
2018-02-27 08:39:40,856 [Worker-19] INFO  o.e.m.c.i.e.AbstractTransferListenerAdapter - Downloaded https://repo.maven.apache.org/maven2/org/apache/httpcomponents/httpclient/4.5.2/httpclient-4.5.2.pom
2018-02-27 08:39:41,078 [Worker-19] INFO  o.e.m.c.i.e.AbstractTransferListenerAdapter - Downloading https://repo.maven.apache.org/maven2/org/apache/httpcomponents/httpcomponents-client/4.5.2/httpcomponents-client-4.5.2.pom
2018-02-27 08:39:41,780 [Worker-19] INFO  o.e.m.c.i.e.AbstractTransferListenerAdapter - Downloaded https://repo.maven.apache.org/maven2/org/apache/httpcomponents/httpcomponents-client/4.5.2/httpcomponents-client-4.5.2.pom
2018-02-27 08:39:42,041 [Worker-19] INFO  o.e.m.c.i.e.AbstractTransferListenerAdapter - Downloading https://repo.maven.apache.org/maven2/org/apache/httpcomponents/httpcore/4.4.4/httpcore-4.4.4.pom
2018-02-27 08:39:42,422 [Worker-19] INFO  o.e.m.c.i.e.AbstractTransferListenerAdapter - Downloaded https://repo.maven.apache.org/maven2/org/apache/httpcomponents/httpcore/4.4.4/httpcore-4.4.4.pom
2018-02-27 08:39:42,597 [Worker-19] INFO  o.e.m.c.i.e.AbstractTransferListenerAdapter - Downloading https://repo.maven.apache.org/maven2/org/apache/httpcomponents/httpcomponents-core/4.4.4/httpcomponents-core-4.4.4.pom
2018-02-27 08:39:43,116 [Worker-19] INFO  o.e.m.c.i.e.AbstractTransferListenerAdapter - Downloaded https://repo.maven.apache.org/maven2/org/apache/httpcomponents/httpcomponents-core/4.4.4/httpcomponents-core-4.4.4.pom
2018-02-27 08:39:43,330 [Worker-19] INFO  o.e.m.c.i.e.AbstractTransferListenerAdapter - Downloading https://repo.maven.apache.org/maven2/commons-codec/commons-codec/1.9/commons-codec-1.9.pom
2018-02-27 08:39:43,675 [Worker-19] INFO  o.e.m.c.i.e.AbstractTransferListenerAdapter - Downloaded https://repo.maven.apache.org/maven2/commons-codec/commons-codec/1.9/commons-codec-1.9.pom
2018-02-27 08:39:43,888 [Worker-19] INFO  o.e.m.c.i.e.AbstractTransferListenerAdapter - Downloading https://repo.maven.apache.org/maven2/org/apache/commons/commons-parent/32/commons-parent-32.pom
2018-02-27 08:39:44,984 [Worker-19] INFO  o.e.m.c.i.e.AbstractTransferListenerAdapter - Downloaded https://repo.maven.apache.org/maven2/org/apache/commons/commons-parent/32/commons-parent-32.pom
2018-02-27 08:39:45,172 [Worker-19] INFO  o.e.m.c.i.e.AbstractTransferListenerAdapter - Downloading https://repo.maven.apache.org/maven2/com/github/jsonld-java/jsonld-java/0.8.3/jsonld-java-0.8.3.pom
2018-02-27 08:39:45,348 [Worker-19] INFO  o.e.m.c.i.e.AbstractTransferListenerAdapter - Downloaded https://repo.maven.apache.org/maven2/com/github/jsonld-java/jsonld-java/0.8.3/jsonld-java-0.8.3.pom
2018-02-27 08:39:45,537 [Worker-19] INFO  o.e.m.c.i.e.AbstractTransferListenerAdapter - Downloading https://repo.maven.apache.org/maven2/com/github/jsonld-java/jsonld-java-parent/0.8.3/jsonld-java-parent-0.8.3.pom
2018-02-27 08:39:45,935 [Worker-19] INFO  o.e.m.c.i.e.AbstractTransferListenerAdapter - Downloaded https://repo.maven.apache.org/maven2/com/github/jsonld-java/jsonld-java-parent/0.8.3/jsonld-java-parent-0.8.3.pom
2018-02-27 08:39:46,116 [Worker-19] INFO  o.e.m.c.i.e.AbstractTransferListenerAdapter - Downloading https://repo.maven.apache.org/maven2/com/fasterxml/jackson/core/jackson-core/2.7.4/jackson-core-2.7.4.pom
2018-02-27 08:39:46,304 [Worker-19] INFO  o.e.m.c.i.e.AbstractTransferListenerAdapter - Downloaded https://repo.maven.apache.org/maven2/com/fasterxml/jackson/core/jackson-core/2.7.4/jackson-core-2.7.4.pom
2018-02-27 08:39:46,489 [Worker-19] INFO  o.e.m.c.i.e.AbstractTransferListenerAdapter - Downloading https://repo.maven.apache.org/maven2/com/fasterxml/jackson/jackson-parent/2.7/jackson-parent-2.7.pom
2018-02-27 08:39:46,713 [Worker-19] INFO  o.e.m.c.i.e.AbstractTransferListenerAdapter - Downloaded https://repo.maven.apache.org/maven2/com/fasterxml/jackson/jackson-parent/2.7/jackson-parent-2.7.pom
2018-02-27 08:39:46,889 [Worker-19] INFO  o.e.m.c.i.e.AbstractTransferListenerAdapter - Downloading https://repo.maven.apache.org/maven2/com/fasterxml/oss-parent/25/oss-parent-25.pom
2018-02-27 08:39:47,234 [Worker-19] INFO  o.e.m.c.i.e.AbstractTransferListenerAdapter - Downloaded https://repo.maven.apache.org/maven2/com/fasterxml/oss-parent/25/oss-parent-25.pom
2018-02-27 08:39:47,414 [Worker-19] INFO  o.e.m.c.i.e.AbstractTransferListenerAdapter - Downloading https://repo.maven.apache.org/maven2/com/fasterxml/jackson/core/jackson-databind/2.7.4/jackson-databind-2.7.4.pom
2018-02-27 08:39:47,623 [Worker-19] INFO  o.e.m.c.i.e.AbstractTransferListenerAdapter - Downloaded https://repo.maven.apache.org/maven2/com/fasterxml/jackson/core/jackson-databind/2.7.4/jackson-databind-2.7.4.pom
2018-02-27 08:39:47,846 [Worker-19] INFO  o.e.m.c.i.e.AbstractTransferListenerAdapter - Downloading https://repo.maven.apache.org/maven2/com/fasterxml/jackson/core/jackson-annotations/2.7.0/jackson-annotations-2.7.0.pom
2018-02-27 08:39:48,074 [Worker-19] INFO  o.e.m.c.i.e.AbstractTransferListenerAdapter - Downloaded https://repo.maven.apache.org/maven2/com/fasterxml/jackson/core/jackson-annotations/2.7.0/jackson-annotations-2.7.0.pom
2018-02-27 08:39:48,259 [Worker-19] INFO  o.e.m.c.i.e.AbstractTransferListenerAdapter - Downloading https://repo.maven.apache.org/maven2/org/slf4j/jcl-over-slf4j/1.7.21/jcl-over-slf4j-1.7.21.pom
2018-02-27 08:39:48,522 [Worker-19] INFO  o.e.m.c.i.e.AbstractTransferListenerAdapter - Downloaded https://repo.maven.apache.org/maven2/org/slf4j/jcl-over-slf4j/1.7.21/jcl-over-slf4j-1.7.21.pom
2018-02-27 08:39:48,700 [Worker-19] INFO  o.e.m.c.i.e.AbstractTransferListenerAdapter - Downloading https://repo.maven.apache.org/maven2/commons-io/commons-io/2.5/commons-io-2.5.pom
2018-02-27 08:39:49,050 [Worker-19] INFO  o.e.m.c.i.e.AbstractTransferListenerAdapter - Downloaded https://repo.maven.apache.org/maven2/commons-io/commons-io/2.5/commons-io-2.5.pom
2018-02-27 08:39:49,238 [Worker-19] INFO  o.e.m.c.i.e.AbstractTransferListenerAdapter - Downloading https://repo.maven.apache.org/maven2/org/apache/commons/commons-parent/39/commons-parent-39.pom
2018-02-27 08:39:50,094 [Worker-19] INFO  o.e.m.c.i.e.AbstractTransferListenerAdapter - Downloaded https://repo.maven.apache.org/maven2/org/apache/commons/commons-parent/39/commons-parent-39.pom
2018-02-27 08:39:50,299 [Worker-19] INFO  o.e.m.c.i.e.AbstractTransferListenerAdapter - Downloading https://repo.maven.apache.org/maven2/org/apache/httpcomponents/httpclient-cache/4.5.2/httpclient-cache-4.5.2.pom
2018-02-27 08:39:50,567 [Worker-19] INFO  o.e.m.c.i.e.AbstractTransferListenerAdapter - Downloaded https://repo.maven.apache.org/maven2/org/apache/httpcomponents/httpclient-cache/4.5.2/httpclient-cache-4.5.2.pom
2018-02-27 08:39:50,743 [Worker-19] INFO  o.e.m.c.i.e.AbstractTransferListenerAdapter - Downloading https://repo.maven.apache.org/maven2/org/apache/thrift/libthrift/0.9.3/libthrift-0.9.3.pom
2018-02-27 08:39:50,969 [Worker-19] INFO  o.e.m.c.i.e.AbstractTransferListenerAdapter - Downloaded https://repo.maven.apache.org/maven2/org/apache/thrift/libthrift/0.9.3/libthrift-0.9.3.pom
2018-02-27 08:39:51,150 [Worker-19] INFO  o.e.m.c.i.e.AbstractTransferListenerAdapter - Downloading https://repo.maven.apache.org/maven2/org/slf4j/slf4j-api/1.7.12/slf4j-api-1.7.12.pom
2018-02-27 08:39:51,345 [Worker-19] INFO  o.e.m.c.i.e.AbstractTransferListenerAdapter - Downloaded https://repo.maven.apache.org/maven2/org/slf4j/slf4j-api/1.7.12/slf4j-api-1.7.12.pom
2018-02-27 08:39:51,532 [Worker-19] INFO  o.e.m.c.i.e.AbstractTransferListenerAdapter - Downloading https://repo.maven.apache.org/maven2/org/slf4j/slf4j-parent/1.7.12/slf4j-parent-1.7.12.pom
2018-02-27 08:39:51,781 [Worker-19] INFO  o.e.m.c.i.e.AbstractTransferListenerAdapter - Downloaded https://repo.maven.apache.org/maven2/org/slf4j/slf4j-parent/1.7.12/slf4j-parent-1.7.12.pom
2018-02-27 08:39:51,962 [Worker-19] INFO  o.e.m.c.i.e.AbstractTransferListenerAdapter - Downloading https://repo.maven.apache.org/maven2/org/apache/httpcomponents/httpclient/4.4.1/httpclient-4.4.1.pom
2018-02-27 08:39:52,625 [Worker-19] INFO  o.e.m.c.i.e.AbstractTransferListenerAdapter - Downloaded https://repo.maven.apache.org/maven2/org/apache/httpcomponents/httpclient/4.4.1/httpclient-4.4.1.pom
2018-02-27 08:39:52,955 [Worker-19] INFO  o.e.m.c.i.e.AbstractTransferListenerAdapter - Downloading https://repo.maven.apache.org/maven2/org/apache/httpcomponents/httpcomponents-client/4.4.1/httpcomponents-client-4.4.1.pom
2018-02-27 08:39:53,235 [Worker-19] INFO  o.e.m.c.i.e.AbstractTransferListenerAdapter - Downloaded https://repo.maven.apache.org/maven2/org/apache/httpcomponents/httpcomponents-client/4.4.1/httpcomponents-client-4.4.1.pom
2018-02-27 08:39:53,596 [Worker-19] INFO  o.e.m.c.i.e.AbstractTransferListenerAdapter - Downloading https://repo.maven.apache.org/maven2/commons-logging/commons-logging/1.2/commons-logging-1.2.pom
2018-02-27 08:39:53,991 [Worker-19] INFO  o.e.m.c.i.e.AbstractTransferListenerAdapter - Downloaded https://repo.maven.apache.org/maven2/commons-logging/commons-logging/1.2/commons-logging-1.2.pom
2018-02-27 08:39:54,197 [Worker-19] INFO  o.e.m.c.i.e.AbstractTransferListenerAdapter - Downloading https://repo.maven.apache.org/maven2/org/apache/jena/apache-jena-libs/3.2.0/apache-jena-libs-3.2.0.pom
2018-02-27 08:39:54,384 [Worker-19] INFO  o.e.m.c.i.e.AbstractTransferListenerAdapter - Downloaded https://repo.maven.apache.org/maven2/org/apache/jena/apache-jena-libs/3.2.0/apache-jena-libs-3.2.0.pom
2018-02-27 08:39:54,592 [Worker-19] INFO  o.e.m.c.i.e.AbstractTransferListenerAdapter - Downloading https://repo.maven.apache.org/maven2/org/apache/jena/jena-parent/18/jena-parent-18.pom
2018-02-27 08:39:55,299 [Worker-19] INFO  o.e.m.c.i.e.AbstractTransferListenerAdapter - Downloaded https://repo.maven.apache.org/maven2/org/apache/jena/jena-parent/18/jena-parent-18.pom
2018-02-27 08:39:55,543 [Worker-19] INFO  o.e.m.c.i.e.AbstractTransferListenerAdapter - Downloading https://repo.maven.apache.org/maven2/org/apache/jena/jena-tdb/3.2.0/jena-tdb-3.2.0.pom
2018-02-27 08:39:55,771 [Worker-19] INFO  o.e.m.c.i.e.AbstractTransferListenerAdapter - Downloaded https://repo.maven.apache.org/maven2/org/apache/jena/jena-tdb/3.2.0/jena-tdb-3.2.0.pom
2018-02-27 08:39:55,957 [Worker-19] INFO  o.e.m.c.i.e.AbstractTransferListenerAdapter - Downloading https://repo.maven.apache.org/maven2/org/apache/jena/jena-arq/3.2.0/jena-arq-3.2.0.pom
2018-02-27 08:39:56,407 [Worker-19] INFO  o.e.m.c.i.e.AbstractTransferListenerAdapter - Downloaded https://repo.maven.apache.org/maven2/org/apache/jena/jena-arq/3.2.0/jena-arq-3.2.0.pom
2018-02-27 08:39:57,037 [Worker-19] INFO  o.e.m.c.i.e.AbstractTransferListenerAdapter - Downloading https://repo.maven.apache.org/maven2/org/apache/jena/jena-core/3.2.0/jena-core-3.2.0.pom
2018-02-27 08:39:57,730 [Worker-19] INFO  o.e.m.c.i.e.AbstractTransferListenerAdapter - Downloaded https://repo.maven.apache.org/maven2/org/apache/jena/jena-core/3.2.0/jena-core-3.2.0.pom
2018-02-27 08:39:58,113 [Worker-19] INFO  o.e.m.c.i.e.AbstractTransferListenerAdapter - Downloading https://repo.maven.apache.org/maven2/org/apache/jena/jena-iri/3.2.0/jena-iri-3.2.0.pom
2018-02-27 08:39:58,523 [Worker-19] INFO  o.e.m.c.i.e.AbstractTransferListenerAdapter - Downloaded https://repo.maven.apache.org/maven2/org/apache/jena/jena-iri/3.2.0/jena-iri-3.2.0.pom
2018-02-27 08:39:59,098 [Worker-19] INFO  o.e.m.c.i.e.AbstractTransferListenerAdapter - Downloading https://repo.maven.apache.org/maven2/org/apache/jena/jena-base/3.2.0/jena-base-3.2.0.pom
2018-02-27 08:39:59,382 [Worker-19] INFO  o.e.m.c.i.e.AbstractTransferListenerAdapter - Downloaded https://repo.maven.apache.org/maven2/org/apache/jena/jena-base/3.2.0/jena-base-3.2.0.pom
2018-02-27 08:39:59,638 [Worker-19] INFO  o.e.m.c.i.e.AbstractTransferListenerAdapter - Downloading https://repo.maven.apache.org/maven2/org/apache/jena/jena-shaded-guava/3.2.0/jena-shaded-guava-3.2.0.pom
2018-02-27 08:39:59,916 [Worker-19] INFO  o.e.m.c.i.e.AbstractTransferListenerAdapter - Downloaded https://repo.maven.apache.org/maven2/org/apache/jena/jena-shaded-guava/3.2.0/jena-shaded-guava-3.2.0.pom
2018-02-27 08:40:00,278 [Worker-19] INFO  o.e.m.c.i.e.AbstractTransferListenerAdapter - Downloading https://repo.maven.apache.org/maven2/com/github/jsonld-java/jsonld-java/0.9.0/jsonld-java-0.9.0.pom
2018-02-27 08:40:00,866 [Worker-19] INFO  o.e.m.c.i.e.AbstractTransferListenerAdapter - Downloaded https://repo.maven.apache.org/maven2/com/github/jsonld-java/jsonld-java/0.9.0/jsonld-java-0.9.0.pom
2018-02-27 08:40:01,093 [Worker-19] INFO  o.e.m.c.i.e.AbstractTransferListenerAdapter - Downloading https://repo.maven.apache.org/maven2/com/github/jsonld-java/jsonld-java-parent/0.9.0/jsonld-java-parent-0.9.0.pom
2018-02-27 08:40:02,030 [Worker-19] INFO  o.e.m.c.i.e.AbstractTransferListenerAdapter - Downloaded https://repo.maven.apache.org/maven2/com/github/jsonld-java/jsonld-java-parent/0.9.0/jsonld-java-parent-0.9.0.pom
2018-02-27 08:40:02,264 [Worker-19] INFO  o.e.m.c.i.e.AbstractTransferListenerAdapter - Downloading https://repo.maven.apache.org/maven2/org/apache/jena/jena-rdfconnection/3.2.0/jena-rdfconnection-3.2.0.pom
2018-02-27 08:40:02,617 [Worker-19] INFO  o.e.m.c.i.e.AbstractTransferListenerAdapter - Downloaded https://repo.maven.apache.org/maven2/org/apache/jena/jena-rdfconnection/3.2.0/jena-rdfconnection-3.2.0.pom
2018-02-27 08:40:02,837 [Worker-19] INFO  o.e.m.c.i.e.AbstractTransferListenerAdapter - Downloading https://repo.maven.apache.org/maven2/org/apache/jena/apache-jena-libs/3.3.0/apache-jena-libs-3.3.0.pom
2018-02-27 08:40:03,010 [Worker-19] INFO  o.e.m.c.i.e.AbstractTransferListenerAdapter - Downloaded https://repo.maven.apache.org/maven2/org/apache/jena/apache-jena-libs/3.3.0/apache-jena-libs-3.3.0.pom
2018-02-27 08:40:03,363 [Worker-19] INFO  o.e.m.c.i.e.AbstractTransferListenerAdapter - Downloading https://repo.maven.apache.org/maven2/org/apache/jena/jena-parent/19/jena-parent-19.pom
2018-02-27 08:40:04,257 [Worker-19] INFO  o.e.m.c.i.e.AbstractTransferListenerAdapter - Downloaded https://repo.maven.apache.org/maven2/org/apache/jena/jena-parent/19/jena-parent-19.pom
2018-02-27 08:40:04,513 [Worker-19] INFO  o.e.m.c.i.e.AbstractTransferListenerAdapter - Downloading https://repo.maven.apache.org/maven2/org/apache/jena/jena-tdb/3.3.0/jena-tdb-3.3.0.pom
2018-02-27 08:40:04,759 [Worker-19] INFO  o.e.m.c.i.e.AbstractTransferListenerAdapter - Downloaded https://repo.maven.apache.org/maven2/org/apache/jena/jena-tdb/3.3.0/jena-tdb-3.3.0.pom
2018-02-27 08:40:05,006 [Worker-19] INFO  o.e.m.c.i.e.AbstractTransferListenerAdapter - Downloading https://repo.maven.apache.org/maven2/org/apache/jena/jena-arq/3.3.0/jena-arq-3.3.0.pom
2018-02-27 08:40:05,326 [Worker-19] INFO  o.e.m.c.i.e.AbstractTransferListenerAdapter - Downloaded https://repo.maven.apache.org/maven2/org/apache/jena/jena-arq/3.3.0/jena-arq-3.3.0.pom
2018-02-27 08:40:05,537 [Worker-19] INFO  o.e.m.c.i.e.AbstractTransferListenerAdapter - Downloading https://repo.maven.apache.org/maven2/org/apache/jena/jena-core/3.3.0/jena-core-3.3.0.pom
2018-02-27 08:40:05,977 [Worker-19] INFO  o.e.m.c.i.e.AbstractTransferListenerAdapter - Downloaded https://repo.maven.apache.org/maven2/org/apache/jena/jena-core/3.3.0/jena-core-3.3.0.pom
2018-02-27 08:40:06,170 [Worker-19] INFO  o.e.m.c.i.e.AbstractTransferListenerAdapter - Downloading https://repo.maven.apache.org/maven2/org/apache/jena/jena-iri/3.3.0/jena-iri-3.3.0.pom
2018-02-27 08:40:06,423 [Worker-19] INFO  o.e.m.c.i.e.AbstractTransferListenerAdapter - Downloaded https://repo.maven.apache.org/maven2/org/apache/jena/jena-iri/3.3.0/jena-iri-3.3.0.pom
2018-02-27 08:40:06,636 [Worker-19] INFO  o.e.m.c.i.e.AbstractTransferListenerAdapter - Downloading https://repo.maven.apache.org/maven2/org/apache/jena/jena-base/3.3.0/jena-base-3.3.0.pom
2018-02-27 08:40:06,815 [Worker-19] INFO  o.e.m.c.i.e.AbstractTransferListenerAdapter - Downloaded https://repo.maven.apache.org/maven2/org/apache/jena/jena-base/3.3.0/jena-base-3.3.0.pom
2018-02-27 08:40:07,086 [Worker-19] INFO  o.e.m.c.i.e.AbstractTransferListenerAdapter - Downloading https://repo.maven.apache.org/maven2/org/apache/jena/jena-shaded-guava/3.3.0/jena-shaded-guava-3.3.0.pom
2018-02-27 08:40:07,290 [Worker-19] INFO  o.e.m.c.i.e.AbstractTransferListenerAdapter - Downloaded https://repo.maven.apache.org/maven2/org/apache/jena/jena-shaded-guava/3.3.0/jena-shaded-guava-3.3.0.pom
2018-02-27 08:40:07,752 [Worker-19] INFO  o.e.m.c.i.e.AbstractTransferListenerAdapter - Downloading https://repo.maven.apache.org/maven2/org/apache/jena/jena-rdfconnection/3.3.0/jena-rdfconnection-3.3.0.pom
2018-02-27 08:40:07,943 [Worker-19] INFO  o.e.m.c.i.e.AbstractTransferListenerAdapter - Downloaded https://repo.maven.apache.org/maven2/org/apache/jena/jena-rdfconnection/3.3.0/jena-rdfconnection-3.3.0.pom
2018-02-27 08:40:08,178 [Worker-19] INFO  o.e.m.c.i.e.AbstractTransferListenerAdapter - Downloading https://repo.maven.apache.org/maven2/org/apache/jena/apache-jena-libs/3.4.0/apache-jena-libs-3.4.0.pom
2018-02-27 08:40:08,380 [Worker-19] INFO  o.e.m.c.i.e.AbstractTransferListenerAdapter - Downloaded https://repo.maven.apache.org/maven2/org/apache/jena/apache-jena-libs/3.4.0/apache-jena-libs-3.4.0.pom
2018-02-27 08:40:08,654 [Worker-19] INFO  o.e.m.c.i.e.AbstractTransferListenerAdapter - Downloading https://repo.maven.apache.org/maven2/org/apache/jena/jena-project/3.4.0/jena-project-3.4.0.pom
2018-02-27 08:40:09,591 [Worker-19] INFO  o.e.m.c.i.e.AbstractTransferListenerAdapter - Downloaded https://repo.maven.apache.org/maven2/org/apache/jena/jena-project/3.4.0/jena-project-3.4.0.pom
2018-02-27 08:40:09,804 [Worker-19] INFO  o.e.m.c.i.e.AbstractTransferListenerAdapter - Downloading https://repo.maven.apache.org/maven2/org/apache/jena/jena-tdb/3.4.0/jena-tdb-3.4.0.pom
2018-02-27 08:40:10,069 [Worker-19] INFO  o.e.m.c.i.e.AbstractTransferListenerAdapter - Downloaded https://repo.maven.apache.org/maven2/org/apache/jena/jena-tdb/3.4.0/jena-tdb-3.4.0.pom
2018-02-27 08:40:10,254 [Worker-19] INFO  o.e.m.c.i.e.AbstractTransferListenerAdapter - Downloading https://repo.maven.apache.org/maven2/org/apache/jena/jena-arq/3.4.0/jena-arq-3.4.0.pom
2018-02-27 08:40:10,521 [Worker-19] INFO  o.e.m.c.i.e.AbstractTransferListenerAdapter - Downloaded https://repo.maven.apache.org/maven2/org/apache/jena/jena-arq/3.4.0/jena-arq-3.4.0.pom
2018-02-27 08:40:10,906 [Worker-19] INFO  o.e.m.c.i.e.AbstractTransferListenerAdapter - Downloading https://repo.maven.apache.org/maven2/org/apache/jena/jena-core/3.4.0/jena-core-3.4.0.pom
2018-02-27 08:40:11,085 [Worker-19] INFO  o.e.m.c.i.e.AbstractTransferListenerAdapter - Downloaded https://repo.maven.apache.org/maven2/org/apache/jena/jena-core/3.4.0/jena-core-3.4.0.pom
2018-02-27 08:40:11,276 [Worker-19] INFO  o.e.m.c.i.e.AbstractTransferListenerAdapter - Downloading https://repo.maven.apache.org/maven2/org/slf4j/slf4j-api/1.7.25/slf4j-api-1.7.25.pom
2018-02-27 08:40:11,581 [Worker-19] INFO  o.e.m.c.i.e.AbstractTransferListenerAdapter - Downloaded https://repo.maven.apache.org/maven2/org/slf4j/slf4j-api/1.7.25/slf4j-api-1.7.25.pom
2018-02-27 08:40:11,791 [Worker-19] INFO  o.e.m.c.i.e.AbstractTransferListenerAdapter - Downloading https://repo.maven.apache.org/maven2/org/slf4j/slf4j-parent/1.7.25/slf4j-parent-1.7.25.pom
2018-02-27 08:40:12,233 [Worker-19] INFO  o.e.m.c.i.e.AbstractTransferListenerAdapter - Downloaded https://repo.maven.apache.org/maven2/org/slf4j/slf4j-parent/1.7.25/slf4j-parent-1.7.25.pom
2018-02-27 08:40:12,440 [Worker-19] INFO  o.e.m.c.i.e.AbstractTransferListenerAdapter - Downloading https://repo.maven.apache.org/maven2/org/apache/jena/jena-iri/3.4.0/jena-iri-3.4.0.pom
2018-02-27 08:40:12,773 [Worker-19] INFO  o.e.m.c.i.e.AbstractTransferListenerAdapter - Downloaded https://repo.maven.apache.org/maven2/org/apache/jena/jena-iri/3.4.0/jena-iri-3.4.0.pom
2018-02-27 08:40:12,960 [Worker-19] INFO  o.e.m.c.i.e.AbstractTransferListenerAdapter - Downloading https://repo.maven.apache.org/maven2/commons-cli/commons-cli/1.4/commons-cli-1.4.pom
2018-02-27 08:40:13,329 [Worker-19] INFO  o.e.m.c.i.e.AbstractTransferListenerAdapter - Downloaded https://repo.maven.apache.org/maven2/commons-cli/commons-cli/1.4/commons-cli-1.4.pom
2018-02-27 08:40:13,573 [Worker-19] INFO  o.e.m.c.i.e.AbstractTransferListenerAdapter - Downloading https://repo.maven.apache.org/maven2/org/apache/commons/commons-parent/42/commons-parent-42.pom
2018-02-27 08:40:15,151 [Worker-19] INFO  o.e.m.c.i.e.AbstractTransferListenerAdapter - Downloaded https://repo.maven.apache.org/maven2/org/apache/commons/commons-parent/42/commons-parent-42.pom
2018-02-27 08:40:15,375 [Worker-19] INFO  o.e.m.c.i.e.AbstractTransferListenerAdapter - Downloading https://repo.maven.apache.org/maven2/org/apache/jena/jena-base/3.4.0/jena-base-3.4.0.pom
2018-02-27 08:40:15,570 [Worker-19] INFO  o.e.m.c.i.e.AbstractTransferListenerAdapter - Downloaded https://repo.maven.apache.org/maven2/org/apache/jena/jena-base/3.4.0/jena-base-3.4.0.pom
2018-02-27 08:40:15,779 [Worker-19] INFO  o.e.m.c.i.e.AbstractTransferListenerAdapter - Downloading https://repo.maven.apache.org/maven2/org/apache/jena/jena-shaded-guava/3.4.0/jena-shaded-guava-3.4.0.pom
2018-02-27 08:40:15,977 [Worker-19] INFO  o.e.m.c.i.e.AbstractTransferListenerAdapter - Downloaded https://repo.maven.apache.org/maven2/org/apache/jena/jena-shaded-guava/3.4.0/jena-shaded-guava-3.4.0.pom
2018-02-27 08:40:16,187 [Worker-19] INFO  o.e.m.c.i.e.AbstractTransferListenerAdapter - Downloading https://repo.maven.apache.org/maven2/org/apache/commons/commons-csv/1.4/commons-csv-1.4.pom
2018-02-27 08:40:16,768 [Worker-19] INFO  o.e.m.c.i.e.AbstractTransferListenerAdapter - Downloaded https://repo.maven.apache.org/maven2/org/apache/commons/commons-csv/1.4/commons-csv-1.4.pom
2018-02-27 08:40:16,953 [Worker-19] INFO  o.e.m.c.i.e.AbstractTransferListenerAdapter - Downloading https://repo.maven.apache.org/maven2/com/github/andrewoma/dexx/collection/0.7/collection-0.7.pom
2018-02-27 08:40:17,154 [Worker-19] INFO  o.e.m.c.i.e.AbstractTransferListenerAdapter - Downloaded https://repo.maven.apache.org/maven2/com/github/andrewoma/dexx/collection/0.7/collection-0.7.pom
2018-02-27 08:40:17,366 [Worker-19] INFO  o.e.m.c.i.e.AbstractTransferListenerAdapter - Downloading https://repo.maven.apache.org/maven2/org/apache/httpcomponents/httpclient/4.5.3/httpclient-4.5.3.pom
2018-02-27 08:40:17,587 [Worker-19] INFO  o.e.m.c.i.e.AbstractTransferListenerAdapter - Downloaded https://repo.maven.apache.org/maven2/org/apache/httpcomponents/httpclient/4.5.3/httpclient-4.5.3.pom
2018-02-27 08:40:17,789 [Worker-19] INFO  o.e.m.c.i.e.AbstractTransferListenerAdapter - Downloading https://repo.maven.apache.org/maven2/org/apache/httpcomponents/httpcomponents-client/4.5.3/httpcomponents-client-4.5.3.pom
2018-02-27 08:40:18,170 [Worker-19] INFO  o.e.m.c.i.e.AbstractTransferListenerAdapter - Downloaded https://repo.maven.apache.org/maven2/org/apache/httpcomponents/httpcomponents-client/4.5.3/httpcomponents-client-4.5.3.pom
2018-02-27 08:40:18,355 [Worker-19] INFO  o.e.m.c.i.e.AbstractTransferListenerAdapter - Downloading https://repo.maven.apache.org/maven2/org/apache/httpcomponents/httpcore/4.4.6/httpcore-4.4.6.pom
2018-02-27 08:40:18,591 [Worker-19] INFO  o.e.m.c.i.e.AbstractTransferListenerAdapter - Downloaded https://repo.maven.apache.org/maven2/org/apache/httpcomponents/httpcore/4.4.6/httpcore-4.4.6.pom
2018-02-27 08:40:18,768 [Worker-19] INFO  o.e.m.c.i.e.AbstractTransferListenerAdapter - Downloading https://repo.maven.apache.org/maven2/org/apache/httpcomponents/httpcomponents-core/4.4.6/httpcomponents-core-4.4.6.pom
2018-02-27 08:40:19,123 [Worker-19] INFO  o.e.m.c.i.e.AbstractTransferListenerAdapter - Downloaded https://repo.maven.apache.org/maven2/org/apache/httpcomponents/httpcomponents-core/4.4.6/httpcomponents-core-4.4.6.pom
2018-02-27 08:40:19,305 [Worker-19] INFO  o.e.m.c.i.e.AbstractTransferListenerAdapter - Downloading https://repo.maven.apache.org/maven2/com/github/jsonld-java/jsonld-java/0.10.0/jsonld-java-0.10.0.pom
2018-02-27 08:40:19,490 [Worker-19] INFO  o.e.m.c.i.e.AbstractTransferListenerAdapter - Downloaded https://repo.maven.apache.org/maven2/com/github/jsonld-java/jsonld-java/0.10.0/jsonld-java-0.10.0.pom
2018-02-27 08:40:19,849 [Worker-19] INFO  o.e.m.c.i.e.AbstractTransferListenerAdapter - Downloading https://repo.maven.apache.org/maven2/com/github/jsonld-java/jsonld-java-parent/0.10.0/jsonld-java-parent-0.10.0.pom
2018-02-27 08:40:20,061 [Worker-19] INFO  o.e.m.c.i.e.AbstractTransferListenerAdapter - Downloaded https://repo.maven.apache.org/maven2/com/github/jsonld-java/jsonld-java-parent/0.10.0/jsonld-java-parent-0.10.0.pom
2018-02-27 08:40:20,272 [Worker-19] INFO  o.e.m.c.i.e.AbstractTransferListenerAdapter - Downloading https://repo.maven.apache.org/maven2/com/fasterxml/jackson/core/jackson-core/2.8.6/jackson-core-2.8.6.pom
2018-02-27 08:40:20,536 [Worker-19] INFO  o.e.m.c.i.e.AbstractTransferListenerAdapter - Downloaded https://repo.maven.apache.org/maven2/com/fasterxml/jackson/core/jackson-core/2.8.6/jackson-core-2.8.6.pom
2018-02-27 08:40:20,711 [Worker-19] INFO  o.e.m.c.i.e.AbstractTransferListenerAdapter - Downloading https://repo.maven.apache.org/maven2/com/fasterxml/jackson/jackson-parent/2.8/jackson-parent-2.8.pom
2018-02-27 08:40:21,037 [Worker-19] INFO  o.e.m.c.i.e.AbstractTransferListenerAdapter - Downloaded https://repo.maven.apache.org/maven2/com/fasterxml/jackson/jackson-parent/2.8/jackson-parent-2.8.pom
2018-02-27 08:40:21,246 [Worker-19] INFO  o.e.m.c.i.e.AbstractTransferListenerAdapter - Downloading https://repo.maven.apache.org/maven2/com/fasterxml/oss-parent/27/oss-parent-27.pom
2018-02-27 08:40:21,705 [Worker-19] INFO  o.e.m.c.i.e.AbstractTransferListenerAdapter - Downloaded https://repo.maven.apache.org/maven2/com/fasterxml/oss-parent/27/oss-parent-27.pom
2018-02-27 08:40:21,910 [Worker-19] INFO  o.e.m.c.i.e.AbstractTransferListenerAdapter - Downloading https://repo.maven.apache.org/maven2/com/fasterxml/jackson/core/jackson-databind/2.8.6/jackson-databind-2.8.6.pom
2018-02-27 08:40:22,112 [Worker-19] INFO  o.e.m.c.i.e.AbstractTransferListenerAdapter - Downloaded https://repo.maven.apache.org/maven2/com/fasterxml/jackson/core/jackson-databind/2.8.6/jackson-databind-2.8.6.pom
2018-02-27 08:40:22,337 [Worker-19] INFO  o.e.m.c.i.e.AbstractTransferListenerAdapter - Downloading https://repo.maven.apache.org/maven2/com/fasterxml/jackson/core/jackson-annotations/2.8.0/jackson-annotations-2.8.0.pom
2018-02-27 08:40:22,571 [Worker-19] INFO  o.e.m.c.i.e.AbstractTransferListenerAdapter - Downloaded https://repo.maven.apache.org/maven2/com/fasterxml/jackson/core/jackson-annotations/2.8.0/jackson-annotations-2.8.0.pom
2018-02-27 08:40:22,800 [Worker-19] INFO  o.e.m.c.i.e.AbstractTransferListenerAdapter - Downloading https://repo.maven.apache.org/maven2/org/slf4j/jcl-over-slf4j/1.7.23/jcl-over-slf4j-1.7.23.pom
2018-02-27 08:40:22,999 [Worker-19] INFO  o.e.m.c.i.e.AbstractTransferListenerAdapter - Downloaded https://repo.maven.apache.org/maven2/org/slf4j/jcl-over-slf4j/1.7.23/jcl-over-slf4j-1.7.23.pom
2018-02-27 08:40:23,190 [Worker-19] INFO  o.e.m.c.i.e.AbstractTransferListenerAdapter - Downloading https://repo.maven.apache.org/maven2/org/slf4j/slf4j-parent/1.7.23/slf4j-parent-1.7.23.pom
2018-02-27 08:40:23,537 [Worker-19] INFO  o.e.m.c.i.e.AbstractTransferListenerAdapter - Downloaded https://repo.maven.apache.org/maven2/org/slf4j/slf4j-parent/1.7.23/slf4j-parent-1.7.23.pom
2018-02-27 08:40:23,718 [Worker-19] INFO  o.e.m.c.i.e.AbstractTransferListenerAdapter - Downloading https://repo.maven.apache.org/maven2/org/apache/httpcomponents/httpclient-cache/4.5.3/httpclient-cache-4.5.3.pom
2018-02-27 08:40:23,939 [Worker-19] INFO  o.e.m.c.i.e.AbstractTransferListenerAdapter - Downloaded https://repo.maven.apache.org/maven2/org/apache/httpcomponents/httpclient-cache/4.5.3/httpclient-cache-4.5.3.pom
2018-02-27 08:40:24,126 [Worker-19] INFO  o.e.m.c.i.e.AbstractTransferListenerAdapter - Downloading https://repo.maven.apache.org/maven2/org/slf4j/jcl-over-slf4j/1.7.25/jcl-over-slf4j-1.7.25.pom
2018-02-27 08:40:24,340 [Worker-19] INFO  o.e.m.c.i.e.AbstractTransferListenerAdapter - Downloaded https://repo.maven.apache.org/maven2/org/slf4j/jcl-over-slf4j/1.7.25/jcl-over-slf4j-1.7.25.pom
2018-02-27 08:40:24,573 [Worker-19] INFO  o.e.m.c.i.e.AbstractTransferListenerAdapter - Downloading https://repo.maven.apache.org/maven2/org/apache/jena/jena-rdfconnection/3.4.0/jena-rdfconnection-3.4.0.pom
2018-02-27 08:40:25,153 [Worker-19] INFO  o.e.m.c.i.e.AbstractTransferListenerAdapter - Downloaded https://repo.maven.apache.org/maven2/org/apache/jena/jena-rdfconnection/3.4.0/jena-rdfconnection-3.4.0.pom
2018-02-27 08:40:25,358 [Worker-19] INFO  o.e.m.c.i.e.AbstractTransferListenerAdapter - Downloading https://repo.maven.apache.org/maven2/org/apache/jena/apache-jena-libs/3.5.0/apache-jena-libs-3.5.0.pom
2018-02-27 08:40:25,532 [Worker-19] INFO  o.e.m.c.i.e.AbstractTransferListenerAdapter - Downloaded https://repo.maven.apache.org/maven2/org/apache/jena/apache-jena-libs/3.5.0/apache-jena-libs-3.5.0.pom
2018-02-27 08:40:25,760 [Worker-19] INFO  o.e.m.c.i.e.AbstractTransferListenerAdapter - Downloading https://repo.maven.apache.org/maven2/org/apache/jena/jena-project/3.5.0/jena-project-3.5.0.pom
2018-02-27 08:40:26,537 [Worker-19] INFO  o.e.m.c.i.e.AbstractTransferListenerAdapter - Downloaded https://repo.maven.apache.org/maven2/org/apache/jena/jena-project/3.5.0/jena-project-3.5.0.pom
2018-02-27 08:40:26,742 [Worker-19] INFO  o.e.m.c.i.e.AbstractTransferListenerAdapter - Downloading https://repo.maven.apache.org/maven2/org/apache/jena/jena-tdb/3.5.0/jena-tdb-3.5.0.pom
2018-02-27 08:40:26,988 [Worker-19] INFO  o.e.m.c.i.e.AbstractTransferListenerAdapter - Downloaded https://repo.maven.apache.org/maven2/org/apache/jena/jena-tdb/3.5.0/jena-tdb-3.5.0.pom
2018-02-27 08:40:27,209 [Worker-19] INFO  o.e.m.c.i.e.AbstractTransferListenerAdapter - Downloading https://repo.maven.apache.org/maven2/org/apache/jena/jena-arq/3.5.0/jena-arq-3.5.0.pom
2018-02-27 08:40:27,449 [Worker-19] INFO  o.e.m.c.i.e.AbstractTransferListenerAdapter - Downloaded https://repo.maven.apache.org/maven2/org/apache/jena/jena-arq/3.5.0/jena-arq-3.5.0.pom
2018-02-27 08:40:27,632 [Worker-19] INFO  o.e.m.c.i.e.AbstractTransferListenerAdapter - Downloading https://repo.maven.apache.org/maven2/org/apache/jena/jena-core/3.5.0/jena-core-3.5.0.pom
2018-02-27 08:40:27,869 [Worker-19] INFO  o.e.m.c.i.e.AbstractTransferListenerAdapter - Downloaded https://repo.maven.apache.org/maven2/org/apache/jena/jena-core/3.5.0/jena-core-3.5.0.pom
2018-02-27 08:40:28,053 [Worker-19] INFO  o.e.m.c.i.e.AbstractTransferListenerAdapter - Downloading https://repo.maven.apache.org/maven2/org/apache/jena/jena-iri/3.5.0/jena-iri-3.5.0.pom
2018-02-27 08:40:28,229 [Worker-19] INFO  o.e.m.c.i.e.AbstractTransferListenerAdapter - Downloaded https://repo.maven.apache.org/maven2/org/apache/jena/jena-iri/3.5.0/jena-iri-3.5.0.pom
2018-02-27 08:40:28,420 [Worker-19] INFO  o.e.m.c.i.e.AbstractTransferListenerAdapter - Downloading https://repo.maven.apache.org/maven2/org/apache/jena/jena-base/3.5.0/jena-base-3.5.0.pom
2018-02-27 08:40:29,048 [Worker-19] INFO  o.e.m.c.i.e.AbstractTransferListenerAdapter - Downloaded https://repo.maven.apache.org/maven2/org/apache/jena/jena-base/3.5.0/jena-base-3.5.0.pom
2018-02-27 08:40:29,233 [Worker-19] INFO  o.e.m.c.i.e.AbstractTransferListenerAdapter - Downloading https://repo.maven.apache.org/maven2/org/apache/jena/jena-shaded-guava/3.5.0/jena-shaded-guava-3.5.0.pom
2018-02-27 08:40:29,414 [Worker-19] INFO  o.e.m.c.i.e.AbstractTransferListenerAdapter - Downloaded https://repo.maven.apache.org/maven2/org/apache/jena/jena-shaded-guava/3.5.0/jena-shaded-guava-3.5.0.pom
2018-02-27 08:40:29,625 [Worker-19] INFO  o.e.m.c.i.e.AbstractTransferListenerAdapter - Downloading https://repo.maven.apache.org/maven2/com/github/jsonld-java/jsonld-java/0.11.1/jsonld-java-0.11.1.pom
2018-02-27 08:40:29,842 [Worker-19] INFO  o.e.m.c.i.e.AbstractTransferListenerAdapter - Downloaded https://repo.maven.apache.org/maven2/com/github/jsonld-java/jsonld-java/0.11.1/jsonld-java-0.11.1.pom
2018-02-27 08:40:30,052 [Worker-19] INFO  o.e.m.c.i.e.AbstractTransferListenerAdapter - Downloading https://repo.maven.apache.org/maven2/com/github/jsonld-java/jsonld-java-parent/0.11.1/jsonld-java-parent-0.11.1.pom
2018-02-27 08:40:30,482 [Worker-19] INFO  o.e.m.c.i.e.AbstractTransferListenerAdapter - Downloaded https://repo.maven.apache.org/maven2/com/github/jsonld-java/jsonld-java-parent/0.11.1/jsonld-java-parent-0.11.1.pom
2018-02-27 08:40:30,670 [Worker-19] INFO  o.e.m.c.i.e.AbstractTransferListenerAdapter - Downloading https://repo.maven.apache.org/maven2/com/fasterxml/jackson/core/jackson-core/2.9.0/jackson-core-2.9.0.pom
2018-02-27 08:40:30,951 [Worker-19] INFO  o.e.m.c.i.e.AbstractTransferListenerAdapter - Downloaded https://repo.maven.apache.org/maven2/com/fasterxml/jackson/core/jackson-core/2.9.0/jackson-core-2.9.0.pom
2018-02-27 08:40:31,134 [Worker-19] INFO  o.e.m.c.i.e.AbstractTransferListenerAdapter - Downloading https://repo.maven.apache.org/maven2/com/fasterxml/jackson/jackson-parent/2.9.0/jackson-parent-2.9.0.pom
2018-02-27 08:40:31,441 [Worker-19] INFO  o.e.m.c.i.e.AbstractTransferListenerAdapter - Downloaded https://repo.maven.apache.org/maven2/com/fasterxml/jackson/jackson-parent/2.9.0/jackson-parent-2.9.0.pom
2018-02-27 08:40:31,644 [Worker-19] INFO  o.e.m.c.i.e.AbstractTransferListenerAdapter - Downloading https://repo.maven.apache.org/maven2/com/fasterxml/oss-parent/28/oss-parent-28.pom
2018-02-27 08:40:32,226 [Worker-19] INFO  o.e.m.c.i.e.AbstractTransferListenerAdapter - Downloaded https://repo.maven.apache.org/maven2/com/fasterxml/oss-parent/28/oss-parent-28.pom
2018-02-27 08:40:32,421 [Worker-19] INFO  o.e.m.c.i.e.AbstractTransferListenerAdapter - Downloading https://repo.maven.apache.org/maven2/com/fasterxml/jackson/core/jackson-databind/2.9.0/jackson-databind-2.9.0.pom
2018-02-27 08:40:32,844 [Worker-19] INFO  o.e.m.c.i.e.AbstractTransferListenerAdapter - Downloaded https://repo.maven.apache.org/maven2/com/fasterxml/jackson/core/jackson-databind/2.9.0/jackson-databind-2.9.0.pom
2018-02-27 08:40:33,032 [Worker-19] INFO  o.e.m.c.i.e.AbstractTransferListenerAdapter - Downloading https://repo.maven.apache.org/maven2/com/fasterxml/jackson/jackson-bom/2.9.0/jackson-bom-2.9.0.pom
2018-02-27 08:40:33,413 [Worker-19] INFO  o.e.m.c.i.e.AbstractTransferListenerAdapter - Downloaded https://repo.maven.apache.org/maven2/com/fasterxml/jackson/jackson-bom/2.9.0/jackson-bom-2.9.0.pom
2018-02-27 08:40:33,596 [Worker-19] INFO  o.e.m.c.i.e.AbstractTransferListenerAdapter - Downloading https://repo.maven.apache.org/maven2/com/fasterxml/jackson/core/jackson-annotations/2.9.0/jackson-annotations-2.9.0.pom
2018-02-27 08:40:33,784 [Worker-19] INFO  o.e.m.c.i.e.AbstractTransferListenerAdapter - Downloaded https://repo.maven.apache.org/maven2/com/fasterxml/jackson/core/jackson-annotations/2.9.0/jackson-annotations-2.9.0.pom
2018-02-27 08:40:33,990 [Worker-19] INFO  o.e.m.c.i.e.AbstractTransferListenerAdapter - Downloading https://repo.maven.apache.org/maven2/org/apache/jena/jena-tdb2/3.5.0/jena-tdb2-3.5.0.pom
2018-02-27 08:40:34,211 [Worker-19] INFO  o.e.m.c.i.e.AbstractTransferListenerAdapter - Downloaded https://repo.maven.apache.org/maven2/org/apache/jena/jena-tdb2/3.5.0/jena-tdb2-3.5.0.pom
2018-02-27 08:40:34,402 [Worker-19] INFO  o.e.m.c.i.e.AbstractTransferListenerAdapter - Downloading https://repo.maven.apache.org/maven2/org/apache/jena/jena-db/3.5.0/jena-db-3.5.0.pom
2018-02-27 08:40:34,684 [Worker-19] INFO  o.e.m.c.i.e.AbstractTransferListenerAdapter - Downloaded https://repo.maven.apache.org/maven2/org/apache/jena/jena-db/3.5.0/jena-db-3.5.0.pom
2018-02-27 08:40:34,866 [Worker-19] INFO  o.e.m.c.i.e.AbstractTransferListenerAdapter - Downloading https://repo.maven.apache.org/maven2/org/apache/jena/jena-dboe-trans-data/3.5.0/jena-dboe-trans-data-3.5.0.pom
2018-02-27 08:40:35,083 [Worker-19] INFO  o.e.m.c.i.e.AbstractTransferListenerAdapter - Downloaded https://repo.maven.apache.org/maven2/org/apache/jena/jena-dboe-trans-data/3.5.0/jena-dboe-trans-data-3.5.0.pom
2018-02-27 08:40:35,263 [Worker-19] INFO  o.e.m.c.i.e.AbstractTransferListenerAdapter - Downloading https://repo.maven.apache.org/maven2/org/apache/jena/jena-dboe-transaction/3.5.0/jena-dboe-transaction-3.5.0.pom
2018-02-27 08:40:35,461 [Worker-19] INFO  o.e.m.c.i.e.AbstractTransferListenerAdapter - Downloaded https://repo.maven.apache.org/maven2/org/apache/jena/jena-dboe-transaction/3.5.0/jena-dboe-transaction-3.5.0.pom
2018-02-27 08:40:35,835 [Worker-19] INFO  o.e.m.c.i.e.AbstractTransferListenerAdapter - Downloading https://repo.maven.apache.org/maven2/org/apache/jena/jena-dboe-base/3.5.0/jena-dboe-base-3.5.0.pom
2018-02-27 08:40:36,073 [Worker-19] INFO  o.e.m.c.i.e.AbstractTransferListenerAdapter - Downloaded https://repo.maven.apache.org/maven2/org/apache/jena/jena-dboe-base/3.5.0/jena-dboe-base-3.5.0.pom
2018-02-27 08:40:36,260 [Worker-19] INFO  o.e.m.c.i.e.AbstractTransferListenerAdapter - Downloading https://repo.maven.apache.org/maven2/org/apache/jena/jena-dboe-index/3.5.0/jena-dboe-index-3.5.0.pom
2018-02-27 08:40:36,506 [Worker-19] INFO  o.e.m.c.i.e.AbstractTransferListenerAdapter - Downloaded https://repo.maven.apache.org/maven2/org/apache/jena/jena-dboe-index/3.5.0/jena-dboe-index-3.5.0.pom
2018-02-27 08:40:36,707 [Worker-19] INFO  o.e.m.c.i.e.AbstractTransferListenerAdapter - Downloading https://repo.maven.apache.org/maven2/org/apache/jena/jena-rdfconnection/3.5.0/jena-rdfconnection-3.5.0.pom
2018-02-27 08:40:36,909 [Worker-19] INFO  o.e.m.c.i.e.AbstractTransferListenerAdapter - Downloaded https://repo.maven.apache.org/maven2/org/apache/jena/jena-rdfconnection/3.5.0/jena-rdfconnection-3.5.0.pom
2018-02-27 08:40:37,117 [Worker-19] INFO  o.e.m.c.i.e.AbstractTransferListenerAdapter - Downloading https://repo.maven.apache.org/maven2/org/apache/jena/apache-jena-libs/3.6.0/apache-jena-libs-3.6.0.pom
2018-02-27 08:40:37,304 [Worker-19] INFO  o.e.m.c.i.e.AbstractTransferListenerAdapter - Downloaded https://repo.maven.apache.org/maven2/org/apache/jena/apache-jena-libs/3.6.0/apache-jena-libs-3.6.0.pom
2018-02-27 08:40:37,493 [Worker-19] INFO  o.e.m.c.i.e.AbstractTransferListenerAdapter - Downloading https://repo.maven.apache.org/maven2/org/apache/jena/jena/3.6.0/jena-3.6.0.pom
2018-02-27 08:40:38,157 [Worker-19] INFO  o.e.m.c.i.e.AbstractTransferListenerAdapter - Downloaded https://repo.maven.apache.org/maven2/org/apache/jena/jena/3.6.0/jena-3.6.0.pom
2018-02-27 08:40:38,345 [Worker-19] INFO  o.e.m.c.i.e.AbstractTransferListenerAdapter - Downloading https://repo.maven.apache.org/maven2/org/apache/jena/jena-tdb/3.6.0/jena-tdb-3.6.0.pom
2018-02-27 08:40:38,651 [Worker-19] INFO  o.e.m.c.i.e.AbstractTransferListenerAdapter - Downloaded https://repo.maven.apache.org/maven2/org/apache/jena/jena-tdb/3.6.0/jena-tdb-3.6.0.pom
2018-02-27 08:40:39,124 [Worker-19] INFO  o.e.m.c.i.e.AbstractTransferListenerAdapter - Downloading https://repo.maven.apache.org/maven2/org/apache/jena/jena-arq/3.6.0/jena-arq-3.6.0.pom
2018-02-27 08:40:39,307 [Worker-19] INFO  o.e.m.c.i.e.AbstractTransferListenerAdapter - Downloaded https://repo.maven.apache.org/maven2/org/apache/jena/jena-arq/3.6.0/jena-arq-3.6.0.pom
2018-02-27 08:40:39,503 [Worker-19] INFO  o.e.m.c.i.e.AbstractTransferListenerAdapter - Downloading https://repo.maven.apache.org/maven2/org/apache/jena/jena-core/3.6.0/jena-core-3.6.0.pom
2018-02-27 08:40:39,898 [Worker-19] INFO  o.e.m.c.i.e.AbstractTransferListenerAdapter - Downloaded https://repo.maven.apache.org/maven2/org/apache/jena/jena-core/3.6.0/jena-core-3.6.0.pom
2018-02-27 08:40:40,106 [Worker-19] INFO  o.e.m.c.i.e.AbstractTransferListenerAdapter - Downloading https://repo.maven.apache.org/maven2/org/apache/jena/jena-iri/3.6.0/jena-iri-3.6.0.pom
2018-02-27 08:40:40,278 [Worker-19] INFO  o.e.m.c.i.e.AbstractTransferListenerAdapter - Downloaded https://repo.maven.apache.org/maven2/org/apache/jena/jena-iri/3.6.0/jena-iri-3.6.0.pom
2018-02-27 08:40:40,496 [Worker-19] INFO  o.e.m.c.i.e.AbstractTransferListenerAdapter - Downloading https://repo.maven.apache.org/maven2/org/apache/jena/jena-base/3.6.0/jena-base-3.6.0.pom
2018-02-27 08:40:40,670 [Worker-19] INFO  o.e.m.c.i.e.AbstractTransferListenerAdapter - Downloaded https://repo.maven.apache.org/maven2/org/apache/jena/jena-base/3.6.0/jena-base-3.6.0.pom
2018-02-27 08:40:40,877 [Worker-19] INFO  o.e.m.c.i.e.AbstractTransferListenerAdapter - Downloading https://repo.maven.apache.org/maven2/org/apache/jena/jena-shaded-guava/3.6.0/jena-shaded-guava-3.6.0.pom
2018-02-27 08:40:41,056 [Worker-19] INFO  o.e.m.c.i.e.AbstractTransferListenerAdapter - Downloaded https://repo.maven.apache.org/maven2/org/apache/jena/jena-shaded-guava/3.6.0/jena-shaded-guava-3.6.0.pom
2018-02-27 08:40:41,335 [Worker-19] INFO  o.e.m.c.i.e.AbstractTransferListenerAdapter - Downloading https://repo.maven.apache.org/maven2/org/apache/commons/commons-csv/1.5/commons-csv-1.5.pom
2018-02-27 08:40:41,802 [Worker-19] INFO  o.e.m.c.i.e.AbstractTransferListenerAdapter - Downloaded https://repo.maven.apache.org/maven2/org/apache/commons/commons-csv/1.5/commons-csv-1.5.pom
2018-02-27 08:40:41,983 [Worker-19] INFO  o.e.m.c.i.e.AbstractTransferListenerAdapter - Downloading https://repo.maven.apache.org/maven2/commons-io/commons-io/2.6/commons-io-2.6.pom
2018-02-27 08:40:42,336 [Worker-19] INFO  o.e.m.c.i.e.AbstractTransferListenerAdapter - Downloaded https://repo.maven.apache.org/maven2/commons-io/commons-io/2.6/commons-io-2.6.pom
2018-02-27 08:40:42,518 [Worker-19] INFO  o.e.m.c.i.e.AbstractTransferListenerAdapter - Downloading https://repo.maven.apache.org/maven2/org/apache/thrift/libthrift/0.10.0/libthrift-0.10.0.pom
2018-02-27 08:40:43,107 [Worker-19] INFO  o.e.m.c.i.e.AbstractTransferListenerAdapter - Downloaded https://repo.maven.apache.org/maven2/org/apache/thrift/libthrift/0.10.0/libthrift-0.10.0.pom
2018-02-27 08:40:43,364 [Worker-19] INFO  o.e.m.c.i.e.AbstractTransferListenerAdapter - Downloading https://repo.maven.apache.org/maven2/org/apache/jena/jena-tdb2/3.6.0/jena-tdb2-3.6.0.pom
2018-02-27 08:40:43,757 [Worker-19] INFO  o.e.m.c.i.e.AbstractTransferListenerAdapter - Downloaded https://repo.maven.apache.org/maven2/org/apache/jena/jena-tdb2/3.6.0/jena-tdb2-3.6.0.pom
2018-02-27 08:40:44,367 [Worker-19] INFO  o.e.m.c.i.e.AbstractTransferListenerAdapter - Downloading https://repo.maven.apache.org/maven2/org/apache/jena/jena-db/3.6.0/jena-db-3.6.0.pom
2018-02-27 08:40:44,563 [Worker-19] INFO  o.e.m.c.i.e.AbstractTransferListenerAdapter - Downloaded https://repo.maven.apache.org/maven2/org/apache/jena/jena-db/3.6.0/jena-db-3.6.0.pom
2018-02-27 08:40:44,952 [Worker-19] INFO  o.e.m.c.i.e.AbstractTransferListenerAdapter - Downloading https://repo.maven.apache.org/maven2/org/apache/jena/jena-dboe-trans-data/3.6.0/jena-dboe-trans-data-3.6.0.pom
2018-02-27 08:40:45,209 [Worker-19] INFO  o.e.m.c.i.e.AbstractTransferListenerAdapter - Downloaded https://repo.maven.apache.org/maven2/org/apache/jena/jena-dboe-trans-data/3.6.0/jena-dboe-trans-data-3.6.0.pom
2018-02-27 08:40:45,450 [Worker-19] INFO  o.e.m.c.i.e.AbstractTransferListenerAdapter - Downloading https://repo.maven.apache.org/maven2/org/apache/jena/jena-dboe-transaction/3.6.0/jena-dboe-transaction-3.6.0.pom
2018-02-27 08:40:45,718 [Worker-19] INFO  o.e.m.c.i.e.AbstractTransferListenerAdapter - Downloaded https://repo.maven.apache.org/maven2/org/apache/jena/jena-dboe-transaction/3.6.0/jena-dboe-transaction-3.6.0.pom
2018-02-27 08:40:45,992 [Worker-19] INFO  o.e.m.c.i.e.AbstractTransferListenerAdapter - Downloading https://repo.maven.apache.org/maven2/org/apache/jena/jena-dboe-base/3.6.0/jena-dboe-base-3.6.0.pom
2018-02-27 08:40:46,174 [Worker-19] INFO  o.e.m.c.i.e.AbstractTransferListenerAdapter - Downloaded https://repo.maven.apache.org/maven2/org/apache/jena/jena-dboe-base/3.6.0/jena-dboe-base-3.6.0.pom
2018-02-27 08:40:46,403 [Worker-19] INFO  o.e.m.c.i.e.AbstractTransferListenerAdapter - Downloading https://repo.maven.apache.org/maven2/org/apache/jena/jena-dboe-index/3.6.0/jena-dboe-index-3.6.0.pom
2018-02-27 08:40:46,592 [Worker-19] INFO  o.e.m.c.i.e.AbstractTransferListenerAdapter - Downloaded https://repo.maven.apache.org/maven2/org/apache/jena/jena-dboe-index/3.6.0/jena-dboe-index-3.6.0.pom
2018-02-27 08:40:46,862 [Worker-19] INFO  o.e.m.c.i.e.AbstractTransferListenerAdapter - Downloading https://repo.maven.apache.org/maven2/org/apache/jena/jena-rdfconnection/3.6.0/jena-rdfconnection-3.6.0.pom
2018-02-27 08:40:47,179 [Worker-19] INFO  o.e.m.c.i.e.AbstractTransferListenerAdapter - Downloaded https://repo.maven.apache.org/maven2/org/apache/jena/jena-rdfconnection/3.6.0/jena-rdfconnection-3.6.0.pom
2018-02-27 08:40:47,370 [Worker-19] INFO  o.e.m.c.i.e.AbstractTransferListenerAdapter - Downloading https://repo.maven.apache.org/maven2/junit/junit/4.10/junit-4.10.pom
2018-02-27 08:40:47,590 [Worker-19] INFO  o.e.m.c.i.e.AbstractTransferListenerAdapter - Downloaded https://repo.maven.apache.org/maven2/junit/junit/4.10/junit-4.10.pom
2018-02-27 08:40:47,776 [Worker-19] INFO  o.e.m.c.i.e.AbstractTransferListenerAdapter - Downloading https://repo.maven.apache.org/maven2/org/hamcrest/hamcrest-core/1.1/hamcrest-core-1.1.pom
2018-02-27 08:40:47,957 [Worker-19] INFO  o.e.m.c.i.e.AbstractTransferListenerAdapter - Downloaded https://repo.maven.apache.org/maven2/org/hamcrest/hamcrest-core/1.1/hamcrest-core-1.1.pom
2018-02-27 08:40:48,148 [Worker-19] INFO  o.e.m.c.i.e.AbstractTransferListenerAdapter - Downloading https://repo.maven.apache.org/maven2/org/hamcrest/hamcrest-parent/1.1/hamcrest-parent-1.1.pom
2018-02-27 08:40:48,619 [Worker-19] INFO  o.e.m.c.i.e.AbstractTransferListenerAdapter - Downloaded https://repo.maven.apache.org/maven2/org/hamcrest/hamcrest-parent/1.1/hamcrest-parent-1.1.pom
2018-02-27 08:40:48,846 [Worker-19] INFO  o.e.m.c.i.e.AbstractTransferListenerAdapter - Downloading https://repo.maven.apache.org/maven2/commons-cli/commons-cli/1.2/commons-cli-1.2.pom
2018-02-27 08:40:49,153 [Worker-19] INFO  o.e.m.c.i.e.AbstractTransferListenerAdapter - Downloaded https://repo.maven.apache.org/maven2/commons-cli/commons-cli/1.2/commons-cli-1.2.pom
2018-02-27 08:40:49,365 [Worker-19] INFO  o.e.m.c.i.e.AbstractTransferListenerAdapter - Downloading https://repo.maven.apache.org/maven2/org/apache/commons/commons-parent/11/commons-parent-11.pom
2018-02-27 08:40:50,318 [Worker-19] INFO  o.e.m.c.i.e.AbstractTransferListenerAdapter - Downloaded https://repo.maven.apache.org/maven2/org/apache/commons/commons-parent/11/commons-parent-11.pom
2018-02-27 08:40:50,767 [Worker-19] INFO  o.e.m.c.i.e.AbstractTransferListenerAdapter - Downloading https://repo.maven.apache.org/maven2/org/apache/jena/jena-tdb/3.6.0/jena-tdb-3.6.0.jar
2018-02-27 08:40:57,801 [Worker-19] INFO  o.e.m.c.i.e.AbstractTransferListenerAdapter - Downloaded https://repo.maven.apache.org/maven2/org/apache/jena/jena-tdb/3.6.0/jena-tdb-3.6.0.jar
2018-02-27 08:40:58,467 [Worker-19] INFO  o.e.m.c.i.e.AbstractTransferListenerAdapter - Downloading https://repo.maven.apache.org/maven2/org/apache/jena/jena-arq/3.6.0/jena-arq-3.6.0.jar
2018-02-27 08:41:16,975 [Worker-19] INFO  o.e.m.c.i.e.AbstractTransferListenerAdapter - Downloaded https://repo.maven.apache.org/maven2/org/apache/jena/jena-arq/3.6.0/jena-arq-3.6.0.jar
2018-02-27 08:41:17,155 [Worker-19] INFO  o.e.m.c.i.e.AbstractTransferListenerAdapter - Downloading https://repo.maven.apache.org/maven2/org/apache/jena/jena-core/3.6.0/jena-core-3.6.0.jar
2018-02-27 08:41:28,850 [Worker-19] INFO  o.e.m.c.i.e.AbstractTransferListenerAdapter - Downloaded https://repo.maven.apache.org/maven2/org/apache/jena/jena-core/3.6.0/jena-core-3.6.0.jar
2018-02-27 08:41:29,050 [Worker-19] INFO  o.e.m.c.i.e.AbstractTransferListenerAdapter - Downloading https://repo.maven.apache.org/maven2/org/apache/jena/jena-iri/3.6.0/jena-iri-3.6.0.jar
2018-02-27 08:41:31,060 [Worker-19] INFO  o.e.m.c.i.e.AbstractTransferListenerAdapter - Downloaded https://repo.maven.apache.org/maven2/org/apache/jena/jena-iri/3.6.0/jena-iri-3.6.0.jar
2018-02-27 08:41:31,226 [Worker-19] INFO  o.e.m.c.i.e.AbstractTransferListenerAdapter - Downloading https://repo.maven.apache.org/maven2/xerces/xercesImpl/2.11.0/xercesImpl-2.11.0.jar
2018-02-27 08:41:47,119 [Worker-19] INFO  o.e.m.c.i.e.AbstractTransferListenerAdapter - Downloaded https://repo.maven.apache.org/maven2/xerces/xercesImpl/2.11.0/xercesImpl-2.11.0.jar
2018-02-27 08:41:47,276 [Worker-19] INFO  o.e.m.c.i.e.AbstractTransferListenerAdapter - Downloading https://repo.maven.apache.org/maven2/xml-apis/xml-apis/1.4.01/xml-apis-1.4.01.jar
2018-02-27 08:41:49,681 [Worker-19] INFO  o.e.m.c.i.e.AbstractTransferListenerAdapter - Downloaded https://repo.maven.apache.org/maven2/xml-apis/xml-apis/1.4.01/xml-apis-1.4.01.jar
2018-02-27 08:41:49,844 [Worker-19] INFO  o.e.m.c.i.e.AbstractTransferListenerAdapter - Downloading https://repo.maven.apache.org/maven2/org/apache/jena/jena-base/3.6.0/jena-base-3.6.0.jar
2018-02-27 08:41:52,049 [Worker-19] INFO  o.e.m.c.i.e.AbstractTransferListenerAdapter - Downloaded https://repo.maven.apache.org/maven2/org/apache/jena/jena-base/3.6.0/jena-base-3.6.0.jar
2018-02-27 08:41:52,218 [Worker-19] INFO  o.e.m.c.i.e.AbstractTransferListenerAdapter - Downloading https://repo.maven.apache.org/maven2/org/apache/commons/commons-csv/1.5/commons-csv-1.5.jar
2018-02-27 08:41:53,282 [Worker-19] INFO  o.e.m.c.i.e.AbstractTransferListenerAdapter - Downloaded https://repo.maven.apache.org/maven2/org/apache/commons/commons-csv/1.5/commons-csv-1.5.jar
2018-02-27 08:41:53,821 [Worker-19] INFO  o.e.m.c.i.e.AbstractTransferListenerAdapter - Downloading https://repo.maven.apache.org/maven2/com/github/andrewoma/dexx/collection/0.7/collection-0.7.jar
2018-02-27 08:41:56,219 [Worker-19] INFO  o.e.m.c.i.e.AbstractTransferListenerAdapter - Downloaded https://repo.maven.apache.org/maven2/com/github/andrewoma/dexx/collection/0.7/collection-0.7.jar
2018-02-27 08:41:56,413 [Worker-19] INFO  o.e.m.c.i.e.AbstractTransferListenerAdapter - Downloading https://repo.maven.apache.org/maven2/org/apache/jena/jena-shaded-guava/3.6.0/jena-shaded-guava-3.6.0.jar
2018-02-27 08:42:18,406 [Worker-19] INFO  o.e.m.c.i.e.AbstractTransferListenerAdapter - Downloaded https://repo.maven.apache.org/maven2/org/apache/jena/jena-shaded-guava/3.6.0/jena-shaded-guava-3.6.0.jar
2018-02-27 08:42:18,618 [Worker-19] INFO  o.e.m.c.i.e.AbstractTransferListenerAdapter - Downloading https://repo.maven.apache.org/maven2/org/apache/httpcomponents/httpclient/4.5.3/httpclient-4.5.3.jar
2018-02-27 08:42:23,322 [Worker-19] INFO  o.e.m.c.i.e.AbstractTransferListenerAdapter - Downloaded https://repo.maven.apache.org/maven2/org/apache/httpcomponents/httpclient/4.5.3/httpclient-4.5.3.jar
2018-02-27 08:42:23,478 [Worker-19] INFO  o.e.m.c.i.e.AbstractTransferListenerAdapter - Downloading https://repo.maven.apache.org/maven2/org/apache/httpcomponents/httpcore/4.4.6/httpcore-4.4.6.jar
2018-02-27 08:42:25,698 [Worker-19] INFO  o.e.m.c.i.e.AbstractTransferListenerAdapter - Downloaded https://repo.maven.apache.org/maven2/org/apache/httpcomponents/httpcore/4.4.6/httpcore-4.4.6.jar
2018-02-27 08:42:25,915 [Worker-19] INFO  o.e.m.c.i.e.AbstractTransferListenerAdapter - Downloading https://repo.maven.apache.org/maven2/commons-codec/commons-codec/1.9/commons-codec-1.9.jar
2018-02-27 08:42:28,147 [Worker-19] INFO  o.e.m.c.i.e.AbstractTransferListenerAdapter - Downloaded https://repo.maven.apache.org/maven2/commons-codec/commons-codec/1.9/commons-codec-1.9.jar
2018-02-27 08:42:28,384 [Worker-19] INFO  o.e.m.c.i.e.AbstractTransferListenerAdapter - Downloading https://repo.maven.apache.org/maven2/com/github/jsonld-java/jsonld-java/0.11.1/jsonld-java-0.11.1.jar
2018-02-27 08:42:29,527 [Worker-19] INFO  o.e.m.c.i.e.AbstractTransferListenerAdapter - Downloaded https://repo.maven.apache.org/maven2/com/github/jsonld-java/jsonld-java/0.11.1/jsonld-java-0.11.1.jar
2018-02-27 08:42:29,685 [Worker-19] INFO  o.e.m.c.i.e.AbstractTransferListenerAdapter - Downloading https://repo.maven.apache.org/maven2/com/fasterxml/jackson/core/jackson-core/2.9.0/jackson-core-2.9.0.jar
2018-02-27 08:42:32,673 [Worker-19] INFO  o.e.m.c.i.e.AbstractTransferListenerAdapter - Downloaded https://repo.maven.apache.org/maven2/com/fasterxml/jackson/core/jackson-core/2.9.0/jackson-core-2.9.0.jar
2018-02-27 08:42:32,833 [Worker-19] INFO  o.e.m.c.i.e.AbstractTransferListenerAdapter - Downloading https://repo.maven.apache.org/maven2/com/fasterxml/jackson/core/jackson-databind/2.9.0/jackson-databind-2.9.0.jar
2018-02-27 08:42:44,209 [Worker-19] INFO  o.e.m.c.i.e.AbstractTransferListenerAdapter - Downloaded https://repo.maven.apache.org/maven2/com/fasterxml/jackson/core/jackson-databind/2.9.0/jackson-databind-2.9.0.jar
2018-02-27 08:42:44,418 [Worker-19] INFO  o.e.m.c.i.e.AbstractTransferListenerAdapter - Downloading https://repo.maven.apache.org/maven2/com/fasterxml/jackson/core/jackson-annotations/2.9.0/jackson-annotations-2.9.0.jar
2018-02-27 08:42:44,902 [Worker-19] INFO  o.e.m.c.i.e.AbstractTransferListenerAdapter - Downloaded https://repo.maven.apache.org/maven2/com/fasterxml/jackson/core/jackson-annotations/2.9.0/jackson-annotations-2.9.0.jar
2018-02-27 08:42:45,070 [Worker-19] INFO  o.e.m.c.i.e.AbstractTransferListenerAdapter - Downloading https://repo.maven.apache.org/maven2/commons-io/commons-io/2.5/commons-io-2.5.jar
2018-02-27 08:42:46,482 [Worker-19] INFO  o.e.m.c.i.e.AbstractTransferListenerAdapter - Downloaded https://repo.maven.apache.org/maven2/commons-io/commons-io/2.5/commons-io-2.5.jar
2018-02-27 08:42:46,647 [Worker-19] INFO  o.e.m.c.i.e.AbstractTransferListenerAdapter - Downloading https://repo.maven.apache.org/maven2/org/apache/httpcomponents/httpclient-cache/4.5.3/httpclient-cache-4.5.3.jar
2018-02-27 08:42:47,962 [Worker-19] INFO  o.e.m.c.i.e.AbstractTransferListenerAdapter - Downloaded https://repo.maven.apache.org/maven2/org/apache/httpcomponents/httpclient-cache/4.5.3/httpclient-cache-4.5.3.jar
2018-02-27 08:42:48,167 [Worker-19] INFO  o.e.m.c.i.e.AbstractTransferListenerAdapter - Downloading https://repo.maven.apache.org/maven2/org/apache/thrift/libthrift/0.10.0/libthrift-0.10.0.jar
2018-02-27 08:42:50,373 [Worker-19] INFO  o.e.m.c.i.e.AbstractTransferListenerAdapter - Downloaded https://repo.maven.apache.org/maven2/org/apache/thrift/libthrift/0.10.0/libthrift-0.10.0.jar
2018-02-27 08:42:50,534 [Worker-19] INFO  o.e.m.c.i.e.AbstractTransferListenerAdapter - Downloading https://repo.maven.apache.org/maven2/org/slf4j/jcl-over-slf4j/1.7.25/jcl-over-slf4j-1.7.25.jar
2018-02-27 08:42:51,000 [Worker-19] INFO  o.e.m.c.i.e.AbstractTransferListenerAdapter - Downloaded https://repo.maven.apache.org/maven2/org/slf4j/jcl-over-slf4j/1.7.25/jcl-over-slf4j-1.7.25.jar
2018-02-27 08:42:51,158 [Worker-19] INFO  o.e.m.c.i.e.AbstractTransferListenerAdapter - Downloading https://repo.maven.apache.org/maven2/org/apache/commons/commons-lang3/3.4/commons-lang3-3.4.jar
2018-02-27 08:42:57,523 [Worker-19] INFO  o.e.m.c.i.e.AbstractTransferListenerAdapter - Downloaded https://repo.maven.apache.org/maven2/org/apache/commons/commons-lang3/3.4/commons-lang3-3.4.jar
2018-02-27 08:42:57,686 [Worker-19] INFO  o.e.m.c.i.e.AbstractTransferListenerAdapter - Downloading https://repo.maven.apache.org/maven2/org/apache/jena/jena-tdb2/3.6.0/jena-tdb2-3.6.0.jar
2018-02-27 08:43:00,182 [Worker-19] INFO  o.e.m.c.i.e.AbstractTransferListenerAdapter - Downloaded https://repo.maven.apache.org/maven2/org/apache/jena/jena-tdb2/3.6.0/jena-tdb2-3.6.0.jar
2018-02-27 08:43:00,373 [Worker-19] INFO  o.e.m.c.i.e.AbstractTransferListenerAdapter - Downloading https://repo.maven.apache.org/maven2/org/apache/jena/jena-dboe-trans-data/3.6.0/jena-dboe-trans-data-3.6.0.jar
2018-02-27 08:43:01,529 [Worker-19] INFO  o.e.m.c.i.e.AbstractTransferListenerAdapter - Downloaded https://repo.maven.apache.org/maven2/org/apache/jena/jena-dboe-trans-data/3.6.0/jena-dboe-trans-data-3.6.0.jar
2018-02-27 08:43:01,689 [Worker-19] INFO  o.e.m.c.i.e.AbstractTransferListenerAdapter - Downloading https://repo.maven.apache.org/maven2/org/apache/jena/jena-dboe-transaction/3.6.0/jena-dboe-transaction-3.6.0.jar
2018-02-27 08:43:02,579 [Worker-19] INFO  o.e.m.c.i.e.AbstractTransferListenerAdapter - Downloaded https://repo.maven.apache.org/maven2/org/apache/jena/jena-dboe-transaction/3.6.0/jena-dboe-transaction-3.6.0.jar
2018-02-27 08:43:02,898 [Worker-19] INFO  o.e.m.c.i.e.AbstractTransferListenerAdapter - Downloading https://repo.maven.apache.org/maven2/org/apache/jena/jena-dboe-base/3.6.0/jena-dboe-base-3.6.0.jar
2018-02-27 08:43:04,447 [Worker-19] INFO  o.e.m.c.i.e.AbstractTransferListenerAdapter - Downloaded https://repo.maven.apache.org/maven2/org/apache/jena/jena-dboe-base/3.6.0/jena-dboe-base-3.6.0.jar
2018-02-27 08:43:04,622 [Worker-19] INFO  o.e.m.c.i.e.AbstractTransferListenerAdapter - Downloading https://repo.maven.apache.org/maven2/org/apache/jena/jena-dboe-index/3.6.0/jena-dboe-index-3.6.0.jar
2018-02-27 08:43:05,679 [Worker-19] INFO  o.e.m.c.i.e.AbstractTransferListenerAdapter - Downloaded https://repo.maven.apache.org/maven2/org/apache/jena/jena-dboe-index/3.6.0/jena-dboe-index-3.6.0.jar
2018-02-27 08:43:05,903 [Worker-19] INFO  o.e.m.c.i.e.AbstractTransferListenerAdapter - Downloading https://repo.maven.apache.org/maven2/org/apache/jena/jena-rdfconnection/3.6.0/jena-rdfconnection-3.6.0.jar
2018-02-27 08:43:07,090 [Worker-19] INFO  o.e.m.c.i.e.AbstractTransferListenerAdapter - Downloaded https://repo.maven.apache.org/maven2/org/apache/jena/jena-rdfconnection/3.6.0/jena-rdfconnection-3.6.0.jar
2018-02-27 08:43:07,267 [Worker-19] INFO  o.e.m.c.i.e.AbstractTransferListenerAdapter - Downloading https://repo.maven.apache.org/maven2/org/slf4j/slf4j-api/1.7.25/slf4j-api-1.7.25.jar
2018-02-27 08:43:08,349 [Worker-19] INFO  o.e.m.c.i.e.AbstractTransferListenerAdapter - Downloaded https://repo.maven.apache.org/maven2/org/slf4j/slf4j-api/1.7.25/slf4j-api-1.7.25.jar
2018-02-27 08:43:08,507 [Worker-19] INFO  o.e.m.c.i.e.AbstractTransferListenerAdapter - Downloading https://repo.maven.apache.org/maven2/junit/junit/4.10/junit-4.10.jar
2018-02-27 08:43:12,527 [Worker-19] INFO  o.e.m.c.i.e.AbstractTransferListenerAdapter - Downloaded https://repo.maven.apache.org/maven2/junit/junit/4.10/junit-4.10.jar
2018-02-27 08:43:12,734 [Worker-19] INFO  o.e.m.c.i.e.AbstractTransferListenerAdapter - Downloading https://repo.maven.apache.org/maven2/org/hamcrest/hamcrest-core/1.1/hamcrest-core-1.1.jar
2018-02-27 08:43:14,141 [Worker-19] INFO  o.e.m.c.i.e.AbstractTransferListenerAdapter - Downloaded https://repo.maven.apache.org/maven2/org/hamcrest/hamcrest-core/1.1/hamcrest-core-1.1.jar
2018-02-27 08:43:14,471 [Worker-19] INFO  o.e.m.c.i.e.AbstractTransferListenerAdapter - Downloading https://repo.maven.apache.org/maven2/commons-cli/commons-cli/1.2/commons-cli-1.2.jar
2018-02-27 08:43:15,283 [Worker-19] INFO  o.e.m.c.i.e.AbstractTransferListenerAdapter - Downloaded https://repo.maven.apache.org/maven2/commons-cli/commons-cli/1.2/commons-cli-1.2.jar
2018-02-27 08:43:29,648 [Worker-19] INFO  o.e.m.c.i.embedder.EclipseLogger - Using 'UTF-8' encoding to copy filtered resources.
2018-02-27 08:43:29,663 [Worker-19] INFO  o.e.m.c.i.embedder.EclipseLogger - Copying 3 resources
2018-02-27 08:43:29,833 [Worker-19] INFO  o.e.m.c.i.embedder.EclipseLogger - Using 'UTF-8' encoding to copy filtered resources.
2018-02-27 08:43:29,834 [Worker-19] INFO  o.e.m.c.i.embedder.EclipseLogger - skip non existing resourceDirectory D:\中央資管研究所\研究室\論文\系統\apache-jena-3.6.0\src-examples\jena-examples\src\test\resources
2018-02-27 08:43:31,373 [Worker-25] INFO  o.e.m.c.i.l.LifecycleMappingFactory - Using org.eclipse.m2e.jdt.JarLifecycleMapping lifecycle mapping for MavenProject: org.apache.jena:jena-examples:0.0.1-SNAPSHOT @ D:\中央資管研究所\研究室\論文\系統\apache-jena-3.6.0\src-examples\jena-examples\pom.xml.
2018-02-27 08:43:35,178 [Worker-25] INFO  o.e.m.j.i.AbstractJavaProjectConfigurator - Adding source folder /jena-examples/src/main/java
2018-02-27 08:43:35,179 [Worker-25] INFO  o.e.m.j.i.AbstractJavaProjectConfigurator - Adding resource folder /jena-examples/src/main/resources
2018-02-27 08:43:35,271 [Worker-25] INFO  o.e.m.j.i.AbstractJavaProjectConfigurator - Adding source folder /jena-examples/src/test/java
2018-02-27 08:43:36,464 [Worker-25] INFO  o.e.m.c.i.p.ProjectConfigurationManager - Update completed: 287 sec
2018-02-27 08:43:38,737 [Worker-26] INFO  o.e.m.c.i.embedder.EclipseLogger - Using 'UTF-8' encoding to copy filtered resources.
2018-02-27 08:43:38,752 [Worker-26] INFO  o.e.m.c.i.embedder.EclipseLogger - Copying 3 resources
2018-02-27 08:43:38,916 [Worker-26] INFO  o.e.m.c.i.embedder.EclipseLogger - Using 'UTF-8' encoding to copy filtered resources.
2018-02-27 08:43:38,916 [Worker-26] INFO  o.e.m.c.i.embedder.EclipseLogger - skip non existing resourceDirectory D:\中央資管研究所\研究室\論文\系統\apache-jena-3.6.0\src-examples\jena-examples\src\test\resources
2018-04-15 20:25:13,375 [Worker-8] INFO  o.e.m.c.i.l.LifecycleMappingFactory - Using org.eclipse.m2e.jdt.JarLifecycleMapping lifecycle mapping for MavenProject: org.apache.jena:jena-examples:0.0.1-SNAPSHOT @ D:\中央資管研究所\研究室\論文\系統\apache-jena-3.6.0\src-examples\jena-examples\pom.xml.
2018-04-15 20:25:13,375 [Worker-6] INFO  o.e.m.c.i.l.LifecycleMappingFactory - Using org.eclipse.m2e.jdt.JarLifecycleMapping lifecycle mapping for MavenProject: org.apache.jena:jena-examples:0.0.1-SNAPSHOT @ D:\中央資管研究所\研究室\論文\系統\apache-jena-3.6.0\src-examples\jena-examples\pom.xml.
2018-04-15 20:25:22,884 [Worker-6] INFO  o.e.m.c.i.embedder.EclipseLogger - Using 'UTF-8' encoding to copy filtered resources.
2018-04-15 20:25:22,889 [Worker-6] INFO  o.e.m.c.i.embedder.EclipseLogger - Copying 3 resources
2018-04-15 20:25:23,223 [Worker-6] INFO  o.e.m.c.i.embedder.EclipseLogger - Using 'UTF-8' encoding to copy filtered resources.
2018-04-15 20:25:23,224 [Worker-6] INFO  o.e.m.c.i.embedder.EclipseLogger - skip non existing resourceDirectory D:\中央資管研究所\研究室\論文\系統\apache-jena-3.6.0\src-examples\jena-examples\src\test\resources
2018-04-15 20:25:24,272 [Worker-10] INFO  o.e.m.c.i.l.LifecycleMappingFactory - Using org.eclipse.m2e.jdt.JarLifecycleMapping lifecycle mapping for MavenProject: org.apache.jena:jena-examples:0.0.1-SNAPSHOT @ D:\中央資管研究所\研究室\論文\系統\apache-jena-3.6.0\src-examples\jena-examples\pom.xml.
2018-04-15 20:25:26,523 [Worker-16] INFO  o.e.m.c.i.embedder.EclipseLogger - Using 'UTF-8' encoding to copy filtered resources.
2018-04-15 20:25:26,527 [Worker-16] INFO  o.e.m.c.i.embedder.EclipseLogger - Copying 0 resource
2018-04-15 20:25:26,529 [Worker-16] INFO  o.e.m.c.i.embedder.EclipseLogger - Using 'UTF-8' encoding to copy filtered resources.
2018-04-15 20:25:26,529 [Worker-16] INFO  o.e.m.c.i.embedder.EclipseLogger - skip non existing resourceDirectory D:\中央資管研究所\研究室\論文\系統\apache-jena-3.6.0\src-examples\jena-examples\src\test\resources
2018-04-16 21:14:17,180 [Worker-16] INFO  o.e.m.c.i.l.LifecycleMappingFactory - Using org.eclipse.m2e.jdt.JarLifecycleMapping lifecycle mapping for MavenProject: org.apache.jena:jena-examples:0.0.1-SNAPSHOT @ D:\中央資管研究所\研究室\論文\系統\apache-jena-3.6.0\src-examples\jena-examples\pom.xml.
2018-04-16 21:14:17,180 [Worker-14] INFO  o.e.m.c.i.l.LifecycleMappingFactory - Using org.eclipse.m2e.jdt.JarLifecycleMapping lifecycle mapping for MavenProject: org.apache.jena:jena-examples:0.0.1-SNAPSHOT @ D:\中央資管研究所\研究室\論文\系統\apache-jena-3.6.0\src-examples\jena-examples\pom.xml.
2018-04-16 21:14:30,437 [Worker-16] INFO  o.e.m.c.i.embedder.EclipseLogger - Using 'UTF-8' encoding to copy filtered resources.
2018-04-16 21:14:30,458 [Worker-16] INFO  o.e.m.c.i.embedder.EclipseLogger - Copying 3 resources
2018-04-16 21:14:32,764 [Worker-16] INFO  o.e.m.c.i.embedder.EclipseLogger - Using 'UTF-8' encoding to copy filtered resources.
2018-04-16 21:14:32,765 [Worker-16] INFO  o.e.m.c.i.embedder.EclipseLogger - skip non existing resourceDirectory D:\中央資管研究所\研究室\論文\系統\apache-jena-3.6.0\src-examples\jena-examples\src\test\resources
2018-04-16 21:14:32,769 [Worker-2] INFO  o.e.m.c.i.l.LifecycleMappingFactory - Using org.eclipse.m2e.jdt.JarLifecycleMapping lifecycle mapping for MavenProject: org.apache.jena:jena-examples:0.0.1-SNAPSHOT @ D:\中央資管研究所\研究室\論文\系統\apache-jena-3.6.0\src-examples\jena-examples\pom.xml.
2018-04-16 21:14:40,169 [Worker-10] INFO  o.e.m.c.i.embedder.EclipseLogger - Using 'UTF-8' encoding to copy filtered resources.
2018-04-16 21:14:40,173 [Worker-10] INFO  o.e.m.c.i.embedder.EclipseLogger - Copying 0 resource
2018-04-16 21:14:40,176 [Worker-10] INFO  o.e.m.c.i.embedder.EclipseLogger - Using 'UTF-8' encoding to copy filtered resources.
2018-04-16 21:14:40,176 [Worker-10] INFO  o.e.m.c.i.embedder.EclipseLogger - skip non existing resourceDirectory D:\中央資管研究所\研究室\論文\系統\apache-jena-3.6.0\src-examples\jena-examples\src\test\resources
2018-04-16 21:16:46,295 [Worker-6] INFO  o.e.m.c.i.embedder.EclipseLogger - Using 'UTF-8' encoding to copy filtered resources.
2018-04-16 21:16:46,295 [Worker-6] INFO  o.e.m.c.i.embedder.EclipseLogger - Copying 0 resource
2018-04-16 21:16:46,297 [Worker-6] INFO  o.e.m.c.i.embedder.EclipseLogger - Using 'UTF-8' encoding to copy filtered resources.
2018-04-16 21:16:46,297 [Worker-6] INFO  o.e.m.c.i.embedder.EclipseLogger - skip non existing resourceDirectory D:\中央資管研究所\研究室\論文\系統\apache-jena-3.6.0\src-examples\jena-examples\src\test\resources
2018-04-17 05:14:01,247 [Worker-2] INFO  o.e.m.c.i.embedder.EclipseLogger - Using 'UTF-8' encoding to copy filtered resources.
2018-04-17 05:14:01,300 [Worker-2] INFO  o.e.m.c.i.embedder.EclipseLogger - Copying 3 resources
2018-04-17 05:14:01,341 [Worker-2] INFO  o.e.m.c.i.embedder.EclipseLogger - Using 'UTF-8' encoding to copy filtered resources.
2018-04-17 05:14:01,341 [Worker-2] INFO  o.e.m.c.i.embedder.EclipseLogger - skip non existing resourceDirectory D:\中央資管研究所\研究室\論文\系統\apache-jena-3.6.0\src-examples\jena-examples\src\test\resources
2018-04-29 03:01:43,397 [Worker-0] INFO  o.e.m.c.i.embedder.EclipseLogger - Using 'UTF-8' encoding to copy filtered resources.
2018-04-29 03:01:43,428 [Worker-0] INFO  o.e.m.c.i.embedder.EclipseLogger - Copying 3 resources
2018-04-29 03:01:43,458 [Worker-0] INFO  o.e.m.c.i.embedder.EclipseLogger - Using 'UTF-8' encoding to copy filtered resources.
2018-04-29 03:01:43,458 [Worker-0] INFO  o.e.m.c.i.embedder.EclipseLogger - skip non existing resourceDirectory D:\中央資管研究所\研究室\論文\系統\apache-jena-3.6.0\src-examples\jena-examples\src\test\resources
2018-05-02 05:29:29,730 [Worker-10] INFO  o.e.m.c.i.embedder.EclipseLogger - Using 'UTF-8' encoding to copy filtered resources.
2018-05-02 05:29:29,879 [Worker-10] INFO  o.e.m.c.i.embedder.EclipseLogger - Copying 3 resources
2018-05-02 05:29:29,913 [Worker-10] INFO  o.e.m.c.i.embedder.EclipseLogger - Using 'UTF-8' encoding to copy filtered resources.
2018-05-02 05:29:29,913 [Worker-10] INFO  o.e.m.c.i.embedder.EclipseLogger - skip non existing resourceDirectory D:\中央資管研究所\研究室\論文\系統\apache-jena-3.6.0\src-examples\jena-examples\src\test\resources
2018-05-02 09:21:45,821 [Worker-3] INFO  o.e.m.c.i.embedder.EclipseLogger - Using 'UTF-8' encoding to copy filtered resources.
2018-05-02 09:21:45,833 [Worker-3] INFO  o.e.m.c.i.embedder.EclipseLogger - Copying 3 resources
2018-05-02 09:21:45,962 [Worker-3] INFO  o.e.m.c.i.embedder.EclipseLogger - Using 'UTF-8' encoding to copy filtered resources.
2018-05-02 09:21:45,963 [Worker-3] INFO  o.e.m.c.i.embedder.EclipseLogger - skip non existing resourceDirectory D:\中央資管研究所\研究室\論文\系統\apache-jena-3.6.0\src-examples\jena-examples\src\test\resources
2018-05-13 15:21:46,599 [Worker-7] INFO  o.e.m.c.i.embedder.EclipseLogger - Using 'UTF-8' encoding to copy filtered resources.
2018-05-13 15:21:46,676 [Worker-7] INFO  o.e.m.c.i.embedder.EclipseLogger - Copying 3 resources
2018-05-13 15:21:46,698 [Worker-7] INFO  o.e.m.c.i.embedder.EclipseLogger - Using 'UTF-8' encoding to copy filtered resources.
2018-05-13 15:21:46,698 [Worker-7] INFO  o.e.m.c.i.embedder.EclipseLogger - skip non existing resourceDirectory D:\中央資管研究所\研究室\論文\系統\apache-jena-3.6.0\src-examples\jena-examples\src\test\resources
2018-05-15 09:47:39,688 [Worker-6] INFO  o.e.m.c.i.embedder.EclipseLogger - Using 'UTF-8' encoding to copy filtered resources.
2018-05-15 09:47:39,737 [Worker-6] INFO  o.e.m.c.i.embedder.EclipseLogger - Copying 3 resources
2018-05-15 09:47:39,745 [Worker-6] INFO  o.e.m.c.i.embedder.EclipseLogger - Using 'UTF-8' encoding to copy filtered resources.
2018-05-15 09:47:39,746 [Worker-6] INFO  o.e.m.c.i.embedder.EclipseLogger - skip non existing resourceDirectory D:\中央資管研究所\研究室\論文\系統\apache-jena-3.6.0\src-examples\jena-examples\src\test\resources
2018-05-22 02:34:34,742 [Worker-0] INFO  o.e.m.c.i.embedder.EclipseLogger - Using 'UTF-8' encoding to copy filtered resources.
2018-05-22 02:34:34,851 [Worker-0] INFO  o.e.m.c.i.embedder.EclipseLogger - Copying 3 resources
2018-05-22 02:34:34,901 [Worker-0] INFO  o.e.m.c.i.embedder.EclipseLogger - Using 'UTF-8' encoding to copy filtered resources.
2018-05-22 02:34:34,937 [Worker-0] INFO  o.e.m.c.i.embedder.EclipseLogger - skip non existing resourceDirectory D:\中央資管研究所\研究室\論文\系統\apache-jena-3.6.0\src-examples\jena-examples\src\test\resources
2018-05-24 16:46:23,730 [Worker-14] INFO  o.e.m.c.i.embedder.EclipseLogger - Using 'UTF-8' encoding to copy filtered resources.
2018-05-24 16:46:23,820 [Worker-14] INFO  o.e.m.c.i.embedder.EclipseLogger - Copying 3 resources
2018-05-24 16:46:23,844 [Worker-14] INFO  o.e.m.c.i.embedder.EclipseLogger - Using 'UTF-8' encoding to copy filtered resources.
2018-05-24 16:46:23,844 [Worker-14] INFO  o.e.m.c.i.embedder.EclipseLogger - skip non existing resourceDirectory D:\中央資管研究所\研究室\論文\系統\apache-jena-3.6.0\src-examples\jena-examples\src\test\resources
2018-06-01 08:48:32,015 [Worker-10] INFO  o.e.m.c.i.embedder.EclipseLogger - Using 'UTF-8' encoding to copy filtered resources.
2018-06-01 08:48:32,086 [Worker-10] INFO  o.e.m.c.i.embedder.EclipseLogger - Copying 3 resources
2018-06-01 08:48:32,113 [Worker-10] INFO  o.e.m.c.i.embedder.EclipseLogger - Using 'UTF-8' encoding to copy filtered resources.
2018-06-01 08:48:32,113 [Worker-10] INFO  o.e.m.c.i.embedder.EclipseLogger - skip non existing resourceDirectory D:\中央資管研究所\研究室\論文\系統\apache-jena-3.6.0\src-examples\jena-examples\src\test\resources
2018-06-05 07:15:19,926 [Worker-8] INFO  o.e.m.c.i.embedder.EclipseLogger - Using 'UTF-8' encoding to copy filtered resources.
2018-06-05 07:15:19,987 [Worker-8] INFO  o.e.m.c.i.embedder.EclipseLogger - Copying 3 resources
2018-06-05 07:15:20,013 [Worker-8] INFO  o.e.m.c.i.embedder.EclipseLogger - Using 'UTF-8' encoding to copy filtered resources.
2018-06-05 07:15:20,013 [Worker-8] INFO  o.e.m.c.i.embedder.EclipseLogger - skip non existing resourceDirectory D:\中央資管研究所\研究室\論文\系統\apache-jena-3.6.0\src-examples\jena-examples\src\test\resources
